Récupération des informations de Registre à partir de https://github.com/microsoft/vcpkg (HEAD)...
Détection du hachage du compilateur pour le triplet x64-windows...
Compilateur trouvé : C:/Program Files/Microsoft Visual Studio/2022/Community/VC/Tools/MSVC/14.42.34433/bin/Hostx64/x64/cl.exe
Détection du hachage du compilateur pour le triplet x86-windows...
Compilateur trouvé : C:/Program Files/Microsoft Visual Studio/2022/Community/VC/Tools/MSVC/14.42.34433/bin/Hostx64/x86/cl.exe
Les packages suivants seront générés et installés :
  * brotli:x86-windows@1.1.0#1 -- C:\Users\K.Lourenco\AppData\Local\vcpkg\registries\git-trees\4e5b5ae1ad26c80535c893cc0307121f0398549e
  * bzip2[core,tool]:x86-windows@1.0.8#6 -- C:\Users\K.Lourenco\AppData\Local\vcpkg\registries\git-trees\2d029da682847c5ebdc54e4dbea001331a02207e
  * egl-registry:x86-windows@2024-01-25 -- C:\Users\K.Lourenco\AppData\Local\vcpkg\registries\git-trees\d883db43133dd223c4ffdbef4193943f6784d43a
  * freetype[brotli,bzip2,core,png,zlib]:x86-windows@2.13.3 -- C:\Users\K.Lourenco\AppData\Local\vcpkg\registries\git-trees\8a2c633dcc14eaabdb31cf4637242f4e3c2f3fa2
  * libflac[core,stack-protector]:x86-windows@1.4.3#2 -- C:\Users\K.Lourenco\AppData\Local\vcpkg\registries\git-trees\a92a3397dfb70e6eec94fab7b3665a1288d9f7bd
  * libogg:x86-windows@1.3.5#1 -- C:\Users\K.Lourenco\AppData\Local\vcpkg\registries\git-trees\98e27727c32704393494d32615c25b7b16eb3067
  * libpng:x86-windows@1.6.43#3 -- C:\Users\K.Lourenco\AppData\Local\vcpkg\registries\git-trees\9c7fd06f1cdd1dfc08b35ca9d6b0ba470cdd2470
  * libvorbis:x86-windows@1.3.7#3 -- C:\Users\K.Lourenco\AppData\Local\vcpkg\registries\git-trees\23d11198ff2df7a3af54f1c4645ef71a141f2a85
  * openal-soft:x86-windows@1.23.1#2 -- C:\Users\K.Lourenco\AppData\Local\vcpkg\registries\git-trees\f6ba0a57ee95816ceac7fc3b882bdcc6029591cb
  * opengl:x86-windows@2022-12-04#3 -- C:\Users\K.Lourenco\AppData\Local\vcpkg\registries\git-trees\c3ae71738f88449ebcd781cef60d9a253fa091d4
  * opengl-registry:x86-windows@2024-02-10#1 -- C:\Users\K.Lourenco\AppData\Local\vcpkg\registries\git-trees\22f7aa58ee78c9f0db904b6251e9265f2be26f9d
    sfml:x86-windows@2.6.1 -- C:\Users\K.Lourenco\AppData\Local\vcpkg\registries\git-trees\3cf9cce0cc82c37f5a37c1c97d05c7fcb4609486
  * stb:x86-windows@2024-07-29#1 -- C:\Users\K.Lourenco\AppData\Local\vcpkg\registries\git-trees\c362152d1d02973e7b1ce777960f8a6876656560
  * vcpkg-cmake:x64-windows@2024-04-23 -- C:\Users\K.Lourenco\AppData\Local\vcpkg\registries\git-trees\e74aa1e8f93278a8e71372f1fa08c3df420eb840
  * vcpkg-cmake-config:x64-windows@2024-05-23 -- C:\Users\K.Lourenco\AppData\Local\vcpkg\registries\git-trees\97a63e4bc1a17422ffe4eff71da53b4b561a7841
  * zlib:x86-windows@1.3.1 -- C:\Users\K.Lourenco\AppData\Local\vcpkg\registries\git-trees\3f05e04b9aededb96786a911a16193cdb711f0c9
Les packages supplémentaires (*) seront modifiés pour terminer cette opération.
16 package(s) restauré(s) à partir de C:\Users\K.Lourenco\AppData\Local\vcpkg\archives dans 347 ms. Utilisez --debug pour afficher plus de détails.
Installation de 1/16 vcpkg-cmake-config:x64-windows@2024-05-23...
Temps écoulé pour gérer vcpkg-cmake-config:x64-windows: 3.63 ms
ABI du package vcpkg-cmake-config:x64-windows : 03580ba99473d01c80fae80315111d23289a71b864762d7196a1a6e266b83035
Installation de 2/16 vcpkg-cmake:x64-windows@2024-04-23...
Temps écoulé pour gérer vcpkg-cmake:x64-windows: 3.75 ms
ABI du package vcpkg-cmake:x64-windows : 33a3d1b31969f32e7e3beca0c771bfe4d0bff309b8db0bc162e7a472d2743bd1
Installation de 3/16 stb:x86-windows@2024-07-29#1...
Temps écoulé pour gérer stb:x86-windows: 11.3 ms
ABI du package stb:x86-windows : bcfc73fd61e805b89fbbc7a95a726b27eeac08725350ef9220622177ea920c47
Installation de 4/16 egl-registry:x86-windows@2024-01-25...
Temps écoulé pour gérer egl-registry:x86-windows: 4.04 ms
ABI du package egl-registry:x86-windows : 8d5f80572941037113c39b5a21b518ed4d1be3d4d3cc5c21ba087ab368268caa
Installation de 5/16 opengl-registry:x86-windows@2024-02-10#1...
Temps écoulé pour gérer opengl-registry:x86-windows: 14 ms
ABI du package opengl-registry:x86-windows : 5dad0146a2ccaaad8649bebc85a9956680a539c12ab082f10086d4b38298e471
Installation de 6/16 opengl:x86-windows@2022-12-04#3...
Temps écoulé pour gérer opengl:x86-windows: 6.07 ms
ABI du package opengl:x86-windows : 409be615336f91004b4afb5f13e1c350403cf725fc7d9f2712ab2dd66688612e
Installation de 7/16 openal-soft:x86-windows@1.23.1#2...
Temps écoulé pour gérer openal-soft:x86-windows: 10.2 ms
ABI du package openal-soft:x86-windows : d3b29096b00f2391a29d41f4f751bf83bf2b2dd59c268f7f203bab93c52efca7
Installation de 8/16 libogg:x86-windows@1.3.5#1...
Temps écoulé pour gérer libogg:x86-windows: 10.4 ms
ABI du package libogg:x86-windows : 54221729d8cb47e0a5fdd28839b95c6b3461eb7929da12fb81711d976a169c5d
Installation de 9/16 libvorbis:x86-windows@1.3.7#3...
Temps écoulé pour gérer libvorbis:x86-windows: 14.3 ms
ABI du package libvorbis:x86-windows : dff699238bf71f04c7f66b526c24c46335f842e95d5276f4171f9293aaa6579a
Installation de 10/16 libflac[core,stack-protector]:x86-windows@1.4.3#2...
Temps écoulé pour gérer libflac:x86-windows: 11.3 ms
ABI du package libflac:x86-windows : 3cb12c166fdf3c85c94bc56033b3180bf63b0bf89898e772b705abf251bcbdbc
Installation de 11/16 zlib:x86-windows@1.3.1...
Temps écoulé pour gérer zlib:x86-windows: 6.23 ms
ABI du package zlib:x86-windows : 6d3e56177dd0e794b37a58d3b7b04f4f4357d2d633cfb1fb675eab91d9f14bf1
Installation de 12/16 libpng:x86-windows@1.6.43#3...
Temps écoulé pour gérer libpng:x86-windows: 8.17 ms
ABI du package libpng:x86-windows : 33def81d8aed7949ccd70b611ac4913659a705d6bbc76275fee01950363d0a4f
Installation de 13/16 bzip2[core,tool]:x86-windows@1.0.8#6...
Temps écoulé pour gérer bzip2:x86-windows: 6.55 ms
ABI du package bzip2:x86-windows : ef5383214bcf8096551134b835c6fd24f635a766d23373718670fe59409bbe46
Installation de 14/16 brotli:x86-windows@1.1.0#1...
Temps écoulé pour gérer brotli:x86-windows: 10.2 ms
ABI du package brotli:x86-windows : d29bfc817befd8a7fa6c7bb576afa4d563d2f3434c44f3314459764d3f01ec2f
Installation de 15/16 freetype[brotli,bzip2,core,png,zlib]:x86-windows@2.13.3...
Temps écoulé pour gérer freetype:x86-windows: 20.7 ms
ABI du package freetype:x86-windows : 5647f0318bf31960eef2a899801aa47ee7706866fc3c49a57d51df0d4c64b8b4
Installation de 16/16 sfml:x86-windows@2.6.1...
Temps écoulé pour gérer sfml:x86-windows: 32.8 ms
ABI du package sfml:x86-windows : 7501db248aa1229fce926f7baa64165524b5a13ad879dcfd08777b3bf699eb0b
Temps total de l’installation : 174 ms
The package sfml provides CMake targets:

    find_package(SFML COMPONENTS system window graphics CONFIG REQUIRED)
    target_link_libraries(main PRIVATE sfml-system sfml-network sfml-graphics sfml-window)

    # If you want SFML to provide an implementation of main():
    target_link_libraries(main PRIVATE sfml-main)

