[33;1mVERBOSE: Resolving base path C:/Users/K.Lourenco/source/repos/CMake_Ninja/out/build/x86-debug/vcpkg_installed/vcpkg/pkgs/brotli_x86-windows/tools/brotli/brotlienc.dll...[0m
[33;1mVERBOSE: Resolving C:/Users/K.Lourenco/source/repos/CMake_Ninja/out/build/x86-debug/vcpkg_installed/vcpkg/pkgs/brotli_x86-windows/tools/brotli/brotlienc.dll...[0m
[33;1mVERBOSE:   brotlicommon.dll: brotlicommon.dll not found in C:\Users\K.Lourenco\source\repos\CMake_Ninja\out\build\x86-debug\vcpkg_installed\x86-windows; locally deployed[0m
[33;1mVERBOSE: Resolving C:\Users\K.Lourenco\source\repos\CMake_Ninja\out\build\x86-debug\vcpkg_installed\vcpkg\pkgs\brotli_x86-windows\tools\brotli\brotlicommon.dll...[0m
[33;1mVERBOSE:   VCRUNTIME140.dll: C:\Users\K.Lourenco\source\repos\CMake_Ninja\out\build\x86-debug\vcpkg_installed\x86-windows\bin\VCRUNTIME140.dll not found[0m
[33;1mVERBOSE:   api-ms-win-crt-heap-l1-1-0.dll: C:\Users\K.Lourenco\source\repos\CMake_Ninja\out\build\x86-debug\vcpkg_installed\x86-windows\bin\api-ms-win-crt-heap-l1-1-0.dll not found[0m
[33;1mVERBOSE:   api-ms-win-crt-runtime-l1-1-0.dll: C:\Users\K.Lourenco\source\repos\CMake_Ninja\out\build\x86-debug\vcpkg_installed\x86-windows\bin\api-ms-win-crt-runtime-l1-1-0.dll not found[0m
[33;1mVERBOSE:   KERNEL32.dll: C:\Users\K.Lourenco\source\repos\CMake_Ninja\out\build\x86-debug\vcpkg_installed\x86-windows\bin\KERNEL32.dll not found[0m
[33;1mVERBOSE: Done Resolving C:\Users\K.Lourenco\source\repos\CMake_Ninja\out\build\x86-debug\vcpkg_installed\vcpkg\pkgs\brotli_x86-windows\tools\brotli\brotlicommon.dll.[0m
[33;1mVERBOSE:   VCRUNTIME140.dll: previously searched - Skip[0m
[33;1mVERBOSE:   api-ms-win-crt-math-l1-1-0.dll: C:\Users\K.Lourenco\source\repos\CMake_Ninja\out\build\x86-debug\vcpkg_installed\x86-windows\bin\api-ms-win-crt-math-l1-1-0.dll not found[0m
[33;1mVERBOSE:   api-ms-win-crt-heap-l1-1-0.dll: previously searched - Skip[0m
[33;1mVERBOSE:   api-ms-win-crt-runtime-l1-1-0.dll: previously searched - Skip[0m
[33;1mVERBOSE:   KERNEL32.dll: previously searched - Skip[0m
[33;1mVERBOSE: Done Resolving C:/Users/K.Lourenco/source/repos/CMake_Ninja/out/build/x86-debug/vcpkg_installed/vcpkg/pkgs/brotli_x86-windows/tools/brotli/brotlienc.dll.[0m
[33;1mVERBOSE: 
Name                           Value
----                           -----
api-ms-win-crt-runtime-l1-1-0… True
KERNEL32.dll                   True
brotlicommon.dll               True
api-ms-win-crt-heap-l1-1-0.dll True
api-ms-win-crt-math-l1-1-0.dll True
VCRUNTIME140.dll               True

[0m
