
---
events:
  -
    kind: "message-v1"
    backtrace:
      - "C:/Program Files/CMake/share/cmake-3.31/Modules/CMakeDetermineSystem.cmake:205 (message)"
      - "CMakeLists.txt:38 (project)"
    message: |
      The system is: Windows - 10.0.22631 - x86
  -
    kind: "message-v1"
    backtrace:
      - "C:/Program Files/CMake/share/cmake-3.31/Modules/CMakeDetermineCompilerId.cmake:17 (message)"
      - "C:/Program Files/CMake/share/cmake-3.31/Modules/CMakeDetermineCompilerId.cmake:64 (__determine_compiler_id_test)"
      - "C:/Program Files/CMake/share/cmake-3.31/Modules/CMakeDetermineCCompiler.cmake:123 (CMAKE_DETERMINE_COMPILER_ID)"
      - "CMakeLists.txt:38 (project)"
    message: |
      Compiling the C compiler identification source file "CMakeCCompilerId.c" succeeded.
      Compiler: C:/Program Files/Microsoft Visual Studio/2022/Community/VC/Tools/MSVC/14.42.34433/bin/Hostx64/x86/cl.exe 
      Build flags: /nologo;/DWIN32;/D_WINDOWS;/utf-8;/MP
      Id flags:  
      
      The output was:
      0
      CMakeCCompilerId.c
      
      
      Compilation of the C compiler identification source "CMakeCCompilerId.c" produced "CMakeCCompilerId.exe"
      
      Compilation of the C compiler identification source "CMakeCCompilerId.c" produced "CMakeCCompilerId.obj"
      
      The C compiler identification is MSVC, found in:
        C:/Users/K.Lourenco/source/repos/CMake_Ninja/out/build/x86-debug/vcpkg_installed/vcpkg/blds/sfml/x86-windows-rel/CMakeFiles/3.31.2/CompilerIdC/CMakeCCompilerId.exe
      
  -
    kind: "message-v1"
    backtrace:
      - "C:/Program Files/CMake/share/cmake-3.31/Modules/CMakeDetermineCompilerId.cmake:1288 (message)"
      - "C:/Program Files/CMake/share/cmake-3.31/Modules/CMakeDetermineCompilerId.cmake:250 (CMAKE_DETERMINE_MSVC_SHOWINCLUDES_PREFIX)"
      - "C:/Program Files/CMake/share/cmake-3.31/Modules/CMakeDetermineCCompiler.cmake:123 (CMAKE_DETERMINE_COMPILER_ID)"
      - "CMakeLists.txt:38 (project)"
    message: |
      Detecting C compiler /showIncludes prefix:
        main.c
        Remarque : inclusion du fichier :  C:\\Users\\K.Lourenco\\source\\repos\\CMake_Ninja\\out\\build\\x86-debug\\vcpkg_installed\\vcpkg\\blds\\sfml\\x86-windows-rel\\CMakeFiles\\ShowIncludes\\foo.h
        
      Found prefix "Remarque : inclusion du fichier :  "
  -
    kind: "message-v1"
    backtrace:
      - "C:/Program Files/CMake/share/cmake-3.31/Modules/CMakeDetermineCompilerId.cmake:17 (message)"
      - "C:/Program Files/CMake/share/cmake-3.31/Modules/CMakeDetermineCompilerId.cmake:64 (__determine_compiler_id_test)"
      - "C:/Program Files/CMake/share/cmake-3.31/Modules/CMakeDetermineCXXCompiler.cmake:126 (CMAKE_DETERMINE_COMPILER_ID)"
      - "CMakeLists.txt:38 (project)"
    message: |
      Compiling the CXX compiler identification source file "CMakeCXXCompilerId.cpp" succeeded.
      Compiler: C:/Program Files/Microsoft Visual Studio/2022/Community/VC/Tools/MSVC/14.42.34433/bin/Hostx64/x86/cl.exe 
      Build flags: /nologo;/DWIN32;/D_WINDOWS;/utf-8;/GR;/EHsc;/MP
      Id flags:  
      
      The output was:
      0
      CMakeCXXCompilerId.cpp
      
      
      Compilation of the CXX compiler identification source "CMakeCXXCompilerId.cpp" produced "CMakeCXXCompilerId.exe"
      
      Compilation of the CXX compiler identification source "CMakeCXXCompilerId.cpp" produced "CMakeCXXCompilerId.obj"
      
      The CXX compiler identification is MSVC, found in:
        C:/Users/K.Lourenco/source/repos/CMake_Ninja/out/build/x86-debug/vcpkg_installed/vcpkg/blds/sfml/x86-windows-rel/CMakeFiles/3.31.2/CompilerIdCXX/CMakeCXXCompilerId.exe
      
  -
    kind: "message-v1"
    backtrace:
      - "C:/Program Files/CMake/share/cmake-3.31/Modules/CMakeDetermineCompilerId.cmake:1288 (message)"
      - "C:/Program Files/CMake/share/cmake-3.31/Modules/CMakeDetermineCompilerId.cmake:250 (CMAKE_DETERMINE_MSVC_SHOWINCLUDES_PREFIX)"
      - "C:/Program Files/CMake/share/cmake-3.31/Modules/CMakeDetermineCXXCompiler.cmake:126 (CMAKE_DETERMINE_COMPILER_ID)"
      - "CMakeLists.txt:38 (project)"
    message: |
      Detecting CXX compiler /showIncludes prefix:
        main.c
        Remarque : inclusion du fichier :  C:\\Users\\K.Lourenco\\source\\repos\\CMake_Ninja\\out\\build\\x86-debug\\vcpkg_installed\\vcpkg\\blds\\sfml\\x86-windows-rel\\CMakeFiles\\ShowIncludes\\foo.h
        
      Found prefix "Remarque : inclusion du fichier :  "
  -
    kind: "try_compile-v1"
    backtrace:
      - "C:/Program Files/CMake/share/cmake-3.31/Modules/CMakeDetermineCompilerABI.cmake:74 (try_compile)"
      - "C:/Program Files/CMake/share/cmake-3.31/Modules/CMakeTestCCompiler.cmake:26 (CMAKE_DETERMINE_COMPILER_ABI)"
      - "CMakeLists.txt:38 (project)"
    checks:
      - "Detecting C compiler ABI info"
    directories:
      source: "C:/Users/K.Lourenco/source/repos/CMake_Ninja/out/build/x86-debug/vcpkg_installed/vcpkg/blds/sfml/x86-windows-rel/CMakeFiles/CMakeScratch/TryCompile-f8ic1x"
      binary: "C:/Users/K.Lourenco/source/repos/CMake_Ninja/out/build/x86-debug/vcpkg_installed/vcpkg/blds/sfml/x86-windows-rel/CMakeFiles/CMakeScratch/TryCompile-f8ic1x"
    cmakeVariables:
      CMAKE_C_FLAGS: " /nologo /DWIN32 /D_WINDOWS /utf-8 /MP "
      CMAKE_C_FLAGS_DEBUG: "/D_DEBUG /MDd /Z7 /Ob0 /Od /RTC1 "
      CMAKE_EXE_LINKER_FLAGS: "/machine:X86"
      CMAKE_MSVC_DEBUG_INFORMATION_FORMAT: ""
      CMAKE_MSVC_RUNTIME_LIBRARY: "MultiThreaded$<$<CONFIG:Debug>:Debug>$<$<STREQUAL:dynamic,dynamic>:DLL>"
      CMAKE_OSX_SYSROOT: ""
      CMAKE_USER_MAKE_RULES_OVERRIDE: "C:/Users/K.Lourenco/source/repos/CMake_Ninja/out/build/x86-debug/vcpkg_installed/vcpkg/blds/sfml/src/2.6.1-f39277683b.clean/cmake/CompilerOptionsOverride.cmake"
      VCPKG_CHAINLOAD_TOOLCHAIN_FILE: "C:/Program Files/Microsoft Visual Studio/2022/Community/VC/vcpkg/scripts/toolchains/windows.cmake"
      VCPKG_CRT_LINKAGE: "dynamic"
      VCPKG_CXX_FLAGS: ""
      VCPKG_CXX_FLAGS_DEBUG: ""
      VCPKG_CXX_FLAGS_RELEASE: ""
      VCPKG_C_FLAGS: ""
      VCPKG_C_FLAGS_DEBUG: ""
      VCPKG_C_FLAGS_RELEASE: ""
      VCPKG_INSTALLED_DIR: "C:/Users/K.Lourenco/source/repos/CMake_Ninja/out/build/x86-debug/vcpkg_installed"
      VCPKG_LINKER_FLAGS: ""
      VCPKG_LINKER_FLAGS_DEBUG: ""
      VCPKG_LINKER_FLAGS_RELEASE: ""
      VCPKG_PLATFORM_TOOLSET: "v143"
      VCPKG_PREFER_SYSTEM_LIBS: "OFF"
      VCPKG_SET_CHARSET_FLAG: "ON"
      VCPKG_TARGET_ARCHITECTURE: "x86"
      VCPKG_TARGET_TRIPLET: "x86-windows"
      Z_VCPKG_ROOT_DIR: "C:/Program Files/Microsoft Visual Studio/2022/Community/VC/vcpkg"
    buildResult:
      variable: "CMAKE_C_ABI_COMPILED"
      cached: true
      stdout: |
        Change Dir: 'C:/Users/K.Lourenco/source/repos/CMake_Ninja/out/build/x86-debug/vcpkg_installed/vcpkg/blds/sfml/x86-windows-rel/CMakeFiles/CMakeScratch/TryCompile-f8ic1x'
        
        Run Build Command(s): "C:/Program Files/Microsoft Visual Studio/2022/Community/Common7/IDE/CommonExtensions/Microsoft/CMake/Ninja/ninja.exe" -v cmTC_9d0f5
        [1/2] C:\\PROGRA~1\\MICROS~1\\2022\\COMMUN~1\\VC\\Tools\\MSVC\\1442~1.344\\bin\\Hostx64\\x86\\cl.exe  /nologo   /nologo /DWIN32 /D_WINDOWS /utf-8 /MP   /D_DEBUG /MDd /Z7 /Ob0 /Od /RTC1 /showIncludes /FoCMakeFiles\\cmTC_9d0f5.dir\\CMakeCCompilerABI.c.obj /FdCMakeFiles\\cmTC_9d0f5.dir\\ /FS -c "C:\\Program Files\\CMake\\share\\cmake-3.31\\Modules\\CMakeCCompilerABI.c"
        [2/2] C:\\windows\\system32\\cmd.exe /C "cd . && "C:\\Program Files\\CMake\\bin\\cmake.exe" -E vs_link_exe --msvc-ver=1942 --intdir=CMakeFiles\\cmTC_9d0f5.dir --rc=C:\\PROGRA~2\\WI3CF2~1\\10\\bin\\100226~1.0\\x64\\rc.exe --mt=C:\\PROGRA~2\\WI3CF2~1\\10\\bin\\100226~1.0\\x64\\mt.exe --manifests  -- C:\\PROGRA~1\\MICROS~1\\2022\\COMMUN~1\\VC\\Tools\\MSVC\\1442~1.344\\bin\\Hostx64\\x86\\link.exe /nologo CMakeFiles\\cmTC_9d0f5.dir\\CMakeCCompilerABI.c.obj  /out:cmTC_9d0f5.exe /implib:cmTC_9d0f5.lib /pdb:cmTC_9d0f5.pdb /version:0.0 /machine:X86  /nologo    /debug /INCREMENTAL /subsystem:console  kernel32.lib user32.lib gdi32.lib winspool.lib shell32.lib ole32.lib oleaut32.lib uuid.lib comdlg32.lib advapi32.lib && cd ."
        
      exitCode: 0
  -
    kind: "message-v1"
    backtrace:
      - "C:/Program Files/CMake/share/cmake-3.31/Modules/CMakeDetermineCompilerABI.cmake:218 (message)"
      - "C:/Program Files/CMake/share/cmake-3.31/Modules/CMakeTestCCompiler.cmake:26 (CMAKE_DETERMINE_COMPILER_ABI)"
      - "CMakeLists.txt:38 (project)"
    message: |
      Parsed C implicit link information:
        link line regex: [^( *|.*[/\\])(ld[0-9]*(\\.[a-z]+)?|link\\.exe|lld-link(\\.exe)?|CMAKE_LINK_STARTFILE-NOTFOUND|([^/\\]+-)?ld|collect2)[^/\\]*( |$)]
        linker tool regex: [^[ 	]*(->|")?[ 	]*(([^"]*[/\\])?(ld[0-9]*(\\.[a-z]+)?|link\\.exe|lld-link(\\.exe)?))("|,| |$)]
        linker tool for 'C': C:/PROGRA~1/MICROS~1/2022/COMMUN~1/VC/Tools/MSVC/1442~1.344/bin/Hostx64/x86/link.exe
        implicit libs: []
        implicit objs: []
        implicit dirs: []
        implicit fwks: []
      
      
  -
    kind: "message-v1"
    backtrace:
      - "C:/Program Files/CMake/share/cmake-3.31/Modules/Internal/CMakeDetermineLinkerId.cmake:40 (message)"
      - "C:/Program Files/CMake/share/cmake-3.31/Modules/CMakeDetermineCompilerABI.cmake:255 (cmake_determine_linker_id)"
      - "C:/Program Files/CMake/share/cmake-3.31/Modules/CMakeTestCCompiler.cmake:26 (CMAKE_DETERMINE_COMPILER_ABI)"
      - "CMakeLists.txt:38 (project)"
    message: |
      Running the C compiler's linker: "C:/PROGRA~1/MICROS~1/2022/COMMUN~1/VC/Tools/MSVC/1442~1.344/bin/Hostx64/x86/link.exe" "-v"
      Microsoft (R) Incremental Linker Version 14.42.34433.0
      Copyright (C) Microsoft Corporation.  All rights reserved.
  -
    kind: "try_compile-v1"
    backtrace:
      - "C:/Program Files/CMake/share/cmake-3.31/Modules/CMakeDetermineCompilerABI.cmake:74 (try_compile)"
      - "C:/Program Files/CMake/share/cmake-3.31/Modules/CMakeTestCXXCompiler.cmake:26 (CMAKE_DETERMINE_COMPILER_ABI)"
      - "CMakeLists.txt:38 (project)"
    checks:
      - "Detecting CXX compiler ABI info"
    directories:
      source: "C:/Users/K.Lourenco/source/repos/CMake_Ninja/out/build/x86-debug/vcpkg_installed/vcpkg/blds/sfml/x86-windows-rel/CMakeFiles/CMakeScratch/TryCompile-mgxtji"
      binary: "C:/Users/K.Lourenco/source/repos/CMake_Ninja/out/build/x86-debug/vcpkg_installed/vcpkg/blds/sfml/x86-windows-rel/CMakeFiles/CMakeScratch/TryCompile-mgxtji"
    cmakeVariables:
      CMAKE_CXX_FLAGS: " /nologo /DWIN32 /D_WINDOWS /utf-8 /GR /EHsc /MP "
      CMAKE_CXX_FLAGS_DEBUG: "/D_DEBUG /MDd /Z7 /Ob0 /Od /RTC1 "
      CMAKE_CXX_SCAN_FOR_MODULES: "OFF"
      CMAKE_EXE_LINKER_FLAGS: "/machine:X86"
      CMAKE_MSVC_DEBUG_INFORMATION_FORMAT: ""
      CMAKE_MSVC_RUNTIME_LIBRARY: "MultiThreaded$<$<CONFIG:Debug>:Debug>$<$<STREQUAL:dynamic,dynamic>:DLL>"
      CMAKE_OSX_SYSROOT: ""
      CMAKE_USER_MAKE_RULES_OVERRIDE: "C:/Users/K.Lourenco/source/repos/CMake_Ninja/out/build/x86-debug/vcpkg_installed/vcpkg/blds/sfml/src/2.6.1-f39277683b.clean/cmake/CompilerOptionsOverride.cmake"
      VCPKG_CHAINLOAD_TOOLCHAIN_FILE: "C:/Program Files/Microsoft Visual Studio/2022/Community/VC/vcpkg/scripts/toolchains/windows.cmake"
      VCPKG_CRT_LINKAGE: "dynamic"
      VCPKG_CXX_FLAGS: ""
      VCPKG_CXX_FLAGS_DEBUG: ""
      VCPKG_CXX_FLAGS_RELEASE: ""
      VCPKG_C_FLAGS: ""
      VCPKG_C_FLAGS_DEBUG: ""
      VCPKG_C_FLAGS_RELEASE: ""
      VCPKG_INSTALLED_DIR: "C:/Users/K.Lourenco/source/repos/CMake_Ninja/out/build/x86-debug/vcpkg_installed"
      VCPKG_LINKER_FLAGS: ""
      VCPKG_LINKER_FLAGS_DEBUG: ""
      VCPKG_LINKER_FLAGS_RELEASE: ""
      VCPKG_PLATFORM_TOOLSET: "v143"
      VCPKG_PREFER_SYSTEM_LIBS: "OFF"
      VCPKG_SET_CHARSET_FLAG: "ON"
      VCPKG_TARGET_ARCHITECTURE: "x86"
      VCPKG_TARGET_TRIPLET: "x86-windows"
      Z_VCPKG_ROOT_DIR: "C:/Program Files/Microsoft Visual Studio/2022/Community/VC/vcpkg"
    buildResult:
      variable: "CMAKE_CXX_ABI_COMPILED"
      cached: true
      stdout: |
        Change Dir: 'C:/Users/K.Lourenco/source/repos/CMake_Ninja/out/build/x86-debug/vcpkg_installed/vcpkg/blds/sfml/x86-windows-rel/CMakeFiles/CMakeScratch/TryCompile-mgxtji'
        
        Run Build Command(s): "C:/Program Files/Microsoft Visual Studio/2022/Community/Common7/IDE/CommonExtensions/Microsoft/CMake/Ninja/ninja.exe" -v cmTC_459d9
        [1/2] C:\\PROGRA~1\\MICROS~1\\2022\\COMMUN~1\\VC\\Tools\\MSVC\\1442~1.344\\bin\\Hostx64\\x86\\cl.exe  /nologo /TP   /nologo /DWIN32 /D_WINDOWS /utf-8 /GR /EHsc /MP   /D_DEBUG /MDd /Z7 /Ob0 /Od /RTC1 /showIncludes /FoCMakeFiles\\cmTC_459d9.dir\\CMakeCXXCompilerABI.cpp.obj /FdCMakeFiles\\cmTC_459d9.dir\\ /FS -c "C:\\Program Files\\CMake\\share\\cmake-3.31\\Modules\\CMakeCXXCompilerABI.cpp"
        [2/2] C:\\windows\\system32\\cmd.exe /C "cd . && "C:\\Program Files\\CMake\\bin\\cmake.exe" -E vs_link_exe --msvc-ver=1942 --intdir=CMakeFiles\\cmTC_459d9.dir --rc=C:\\PROGRA~2\\WI3CF2~1\\10\\bin\\100226~1.0\\x64\\rc.exe --mt=C:\\PROGRA~2\\WI3CF2~1\\10\\bin\\100226~1.0\\x64\\mt.exe --manifests  -- C:\\PROGRA~1\\MICROS~1\\2022\\COMMUN~1\\VC\\Tools\\MSVC\\1442~1.344\\bin\\Hostx64\\x86\\link.exe /nologo CMakeFiles\\cmTC_459d9.dir\\CMakeCXXCompilerABI.cpp.obj  /out:cmTC_459d9.exe /implib:cmTC_459d9.lib /pdb:cmTC_459d9.pdb /version:0.0 /machine:X86  /nologo    /debug /INCREMENTAL /subsystem:console  kernel32.lib user32.lib gdi32.lib winspool.lib shell32.lib ole32.lib oleaut32.lib uuid.lib comdlg32.lib advapi32.lib && cd ."
        
      exitCode: 0
  -
    kind: "message-v1"
    backtrace:
      - "C:/Program Files/CMake/share/cmake-3.31/Modules/CMakeDetermineCompilerABI.cmake:218 (message)"
      - "C:/Program Files/CMake/share/cmake-3.31/Modules/CMakeTestCXXCompiler.cmake:26 (CMAKE_DETERMINE_COMPILER_ABI)"
      - "CMakeLists.txt:38 (project)"
    message: |
      Parsed CXX implicit link information:
        link line regex: [^( *|.*[/\\])(ld[0-9]*(\\.[a-z]+)?|link\\.exe|lld-link(\\.exe)?|CMAKE_LINK_STARTFILE-NOTFOUND|([^/\\]+-)?ld|collect2)[^/\\]*( |$)]
        linker tool regex: [^[ 	]*(->|")?[ 	]*(([^"]*[/\\])?(ld[0-9]*(\\.[a-z]+)?|link\\.exe|lld-link(\\.exe)?))("|,| |$)]
        linker tool for 'CXX': C:/PROGRA~1/MICROS~1/2022/COMMUN~1/VC/Tools/MSVC/1442~1.344/bin/Hostx64/x86/link.exe
        implicit libs: []
        implicit objs: []
        implicit dirs: []
        implicit fwks: []
      
      
  -
    kind: "message-v1"
    backtrace:
      - "C:/Program Files/CMake/share/cmake-3.31/Modules/Internal/CMakeDetermineLinkerId.cmake:40 (message)"
      - "C:/Program Files/CMake/share/cmake-3.31/Modules/CMakeDetermineCompilerABI.cmake:255 (cmake_determine_linker_id)"
      - "C:/Program Files/CMake/share/cmake-3.31/Modules/CMakeTestCXXCompiler.cmake:26 (CMAKE_DETERMINE_COMPILER_ABI)"
      - "CMakeLists.txt:38 (project)"
    message: |
      Running the CXX compiler's linker: "C:/PROGRA~1/MICROS~1/2022/COMMUN~1/VC/Tools/MSVC/1442~1.344/bin/Hostx64/x86/link.exe" "-v"
      Microsoft (R) Incremental Linker Version 14.42.34433.0
      Copyright (C) Microsoft Corporation.  All rights reserved.
  -
    kind: "try_compile-v1"
    backtrace:
      - "C:/Program Files/CMake/share/cmake-3.31/Modules/CheckIncludeFile.cmake:99 (try_compile)"
      - "C:/Program Files/CMake/share/cmake-3.31/Modules/CheckTypeSize.cmake:262 (check_include_file)"
      - "cmake/Config.cmake:10 (check_type_size)"
      - "CMakeLists.txt:41 (include)"
    checks:
      - "Looking for sys/types.h"
    directories:
      source: "C:/Users/K.Lourenco/source/repos/CMake_Ninja/out/build/x86-debug/vcpkg_installed/vcpkg/blds/sfml/x86-windows-rel/CMakeFiles/CMakeScratch/TryCompile-10m9l4"
      binary: "C:/Users/K.Lourenco/source/repos/CMake_Ninja/out/build/x86-debug/vcpkg_installed/vcpkg/blds/sfml/x86-windows-rel/CMakeFiles/CMakeScratch/TryCompile-10m9l4"
    cmakeVariables:
      CMAKE_C_FLAGS: " /nologo /DWIN32 /D_WINDOWS /utf-8 /MP "
      CMAKE_C_FLAGS_DEBUG: "/D_DEBUG /MDd /Z7 /Ob0 /Od /RTC1 "
      CMAKE_EXE_LINKER_FLAGS: "/machine:X86"
      CMAKE_MSVC_DEBUG_INFORMATION_FORMAT: ""
      CMAKE_MSVC_RUNTIME_LIBRARY: "MultiThreaded$<$<CONFIG:Debug>:Debug>$<$<STREQUAL:dynamic,dynamic>:DLL>"
      CMAKE_OSX_SYSROOT: ""
      CMAKE_USER_MAKE_RULES_OVERRIDE: "C:/Users/K.Lourenco/source/repos/CMake_Ninja/out/build/x86-debug/vcpkg_installed/vcpkg/blds/sfml/src/2.6.1-f39277683b.clean/cmake/CompilerOptionsOverride.cmake"
      VCPKG_CHAINLOAD_TOOLCHAIN_FILE: "C:/Program Files/Microsoft Visual Studio/2022/Community/VC/vcpkg/scripts/toolchains/windows.cmake"
      VCPKG_CRT_LINKAGE: "dynamic"
      VCPKG_CXX_FLAGS: ""
      VCPKG_CXX_FLAGS_DEBUG: ""
      VCPKG_CXX_FLAGS_RELEASE: ""
      VCPKG_C_FLAGS: ""
      VCPKG_C_FLAGS_DEBUG: ""
      VCPKG_C_FLAGS_RELEASE: ""
      VCPKG_INSTALLED_DIR: "C:/Users/K.Lourenco/source/repos/CMake_Ninja/out/build/x86-debug/vcpkg_installed"
      VCPKG_LINKER_FLAGS: ""
      VCPKG_LINKER_FLAGS_DEBUG: ""
      VCPKG_LINKER_FLAGS_RELEASE: ""
      VCPKG_PLATFORM_TOOLSET: "v143"
      VCPKG_PREFER_SYSTEM_LIBS: "OFF"
      VCPKG_SET_CHARSET_FLAG: "ON"
      VCPKG_TARGET_ARCHITECTURE: "x86"
      VCPKG_TARGET_TRIPLET: "x86-windows"
      Z_VCPKG_ROOT_DIR: "C:/Program Files/Microsoft Visual Studio/2022/Community/VC/vcpkg"
    buildResult:
      variable: "HAVE_SYS_TYPES_H"
      cached: true
      stdout: |
        Change Dir: 'C:/Users/K.Lourenco/source/repos/CMake_Ninja/out/build/x86-debug/vcpkg_installed/vcpkg/blds/sfml/x86-windows-rel/CMakeFiles/CMakeScratch/TryCompile-10m9l4'
        
        Run Build Command(s): "C:/Program Files/Microsoft Visual Studio/2022/Community/Common7/IDE/CommonExtensions/Microsoft/CMake/Ninja/ninja.exe" -v cmTC_9025f
        [1/2] C:\\PROGRA~1\\MICROS~1\\2022\\COMMUN~1\\VC\\Tools\\MSVC\\1442~1.344\\bin\\Hostx64\\x86\\cl.exe  /nologo   /nologo /DWIN32 /D_WINDOWS /utf-8 /MP   /D_DEBUG /MDd /Z7 /Ob0 /Od /RTC1 /showIncludes /FoCMakeFiles\\cmTC_9025f.dir\\CheckIncludeFile.c.obj /FdCMakeFiles\\cmTC_9025f.dir\\ /FS -c C:\\Users\\K.Lourenco\\source\\repos\\CMake_Ninja\\out\\build\\x86-debug\\vcpkg_installed\\vcpkg\\blds\\sfml\\x86-windows-rel\\CMakeFiles\\CMakeScratch\\TryCompile-10m9l4\\CheckIncludeFile.c
        [2/2] C:\\windows\\system32\\cmd.exe /C "cd . && "C:\\Program Files\\CMake\\bin\\cmake.exe" -E vs_link_exe --msvc-ver=1942 --intdir=CMakeFiles\\cmTC_9025f.dir --rc=C:\\PROGRA~2\\WI3CF2~1\\10\\bin\\100226~1.0\\x64\\rc.exe --mt=C:\\PROGRA~2\\WI3CF2~1\\10\\bin\\100226~1.0\\x64\\mt.exe --manifests  -- C:\\PROGRA~1\\MICROS~1\\2022\\COMMUN~1\\VC\\Tools\\MSVC\\1442~1.344\\bin\\Hostx64\\x86\\link.exe /nologo CMakeFiles\\cmTC_9025f.dir\\CheckIncludeFile.c.obj  /out:cmTC_9025f.exe /implib:cmTC_9025f.lib /pdb:cmTC_9025f.pdb /version:0.0 /machine:X86  /nologo    /debug /INCREMENTAL /subsystem:console  kernel32.lib user32.lib gdi32.lib winspool.lib shell32.lib ole32.lib oleaut32.lib uuid.lib comdlg32.lib advapi32.lib && cd ."
        
      exitCode: 0
  -
    kind: "try_compile-v1"
    backtrace:
      - "C:/Program Files/CMake/share/cmake-3.31/Modules/CheckIncludeFile.cmake:99 (try_compile)"
      - "C:/Program Files/CMake/share/cmake-3.31/Modules/CheckTypeSize.cmake:263 (check_include_file)"
      - "cmake/Config.cmake:10 (check_type_size)"
      - "CMakeLists.txt:41 (include)"
    checks:
      - "Looking for stdint.h"
    directories:
      source: "C:/Users/K.Lourenco/source/repos/CMake_Ninja/out/build/x86-debug/vcpkg_installed/vcpkg/blds/sfml/x86-windows-rel/CMakeFiles/CMakeScratch/TryCompile-0ugc4y"
      binary: "C:/Users/K.Lourenco/source/repos/CMake_Ninja/out/build/x86-debug/vcpkg_installed/vcpkg/blds/sfml/x86-windows-rel/CMakeFiles/CMakeScratch/TryCompile-0ugc4y"
    cmakeVariables:
      CMAKE_C_FLAGS: " /nologo /DWIN32 /D_WINDOWS /utf-8 /MP "
      CMAKE_C_FLAGS_DEBUG: "/D_DEBUG /MDd /Z7 /Ob0 /Od /RTC1 "
      CMAKE_EXE_LINKER_FLAGS: "/machine:X86"
      CMAKE_MSVC_DEBUG_INFORMATION_FORMAT: ""
      CMAKE_MSVC_RUNTIME_LIBRARY: "MultiThreaded$<$<CONFIG:Debug>:Debug>$<$<STREQUAL:dynamic,dynamic>:DLL>"
      CMAKE_OSX_SYSROOT: ""
      CMAKE_USER_MAKE_RULES_OVERRIDE: "C:/Users/K.Lourenco/source/repos/CMake_Ninja/out/build/x86-debug/vcpkg_installed/vcpkg/blds/sfml/src/2.6.1-f39277683b.clean/cmake/CompilerOptionsOverride.cmake"
      VCPKG_CHAINLOAD_TOOLCHAIN_FILE: "C:/Program Files/Microsoft Visual Studio/2022/Community/VC/vcpkg/scripts/toolchains/windows.cmake"
      VCPKG_CRT_LINKAGE: "dynamic"
      VCPKG_CXX_FLAGS: ""
      VCPKG_CXX_FLAGS_DEBUG: ""
      VCPKG_CXX_FLAGS_RELEASE: ""
      VCPKG_C_FLAGS: ""
      VCPKG_C_FLAGS_DEBUG: ""
      VCPKG_C_FLAGS_RELEASE: ""
      VCPKG_INSTALLED_DIR: "C:/Users/K.Lourenco/source/repos/CMake_Ninja/out/build/x86-debug/vcpkg_installed"
      VCPKG_LINKER_FLAGS: ""
      VCPKG_LINKER_FLAGS_DEBUG: ""
      VCPKG_LINKER_FLAGS_RELEASE: ""
      VCPKG_PLATFORM_TOOLSET: "v143"
      VCPKG_PREFER_SYSTEM_LIBS: "OFF"
      VCPKG_SET_CHARSET_FLAG: "ON"
      VCPKG_TARGET_ARCHITECTURE: "x86"
      VCPKG_TARGET_TRIPLET: "x86-windows"
      Z_VCPKG_ROOT_DIR: "C:/Program Files/Microsoft Visual Studio/2022/Community/VC/vcpkg"
    buildResult:
      variable: "HAVE_STDINT_H"
      cached: true
      stdout: |
        Change Dir: 'C:/Users/K.Lourenco/source/repos/CMake_Ninja/out/build/x86-debug/vcpkg_installed/vcpkg/blds/sfml/x86-windows-rel/CMakeFiles/CMakeScratch/TryCompile-0ugc4y'
        
        Run Build Command(s): "C:/Program Files/Microsoft Visual Studio/2022/Community/Common7/IDE/CommonExtensions/Microsoft/CMake/Ninja/ninja.exe" -v cmTC_94deb
        [1/2] C:\\PROGRA~1\\MICROS~1\\2022\\COMMUN~1\\VC\\Tools\\MSVC\\1442~1.344\\bin\\Hostx64\\x86\\cl.exe  /nologo   /nologo /DWIN32 /D_WINDOWS /utf-8 /MP   /D_DEBUG /MDd /Z7 /Ob0 /Od /RTC1 /showIncludes /FoCMakeFiles\\cmTC_94deb.dir\\CheckIncludeFile.c.obj /FdCMakeFiles\\cmTC_94deb.dir\\ /FS -c C:\\Users\\K.Lourenco\\source\\repos\\CMake_Ninja\\out\\build\\x86-debug\\vcpkg_installed\\vcpkg\\blds\\sfml\\x86-windows-rel\\CMakeFiles\\CMakeScratch\\TryCompile-0ugc4y\\CheckIncludeFile.c
        [2/2] C:\\windows\\system32\\cmd.exe /C "cd . && "C:\\Program Files\\CMake\\bin\\cmake.exe" -E vs_link_exe --msvc-ver=1942 --intdir=CMakeFiles\\cmTC_94deb.dir --rc=C:\\PROGRA~2\\WI3CF2~1\\10\\bin\\100226~1.0\\x64\\rc.exe --mt=C:\\PROGRA~2\\WI3CF2~1\\10\\bin\\100226~1.0\\x64\\mt.exe --manifests  -- C:\\PROGRA~1\\MICROS~1\\2022\\COMMUN~1\\VC\\Tools\\MSVC\\1442~1.344\\bin\\Hostx64\\x86\\link.exe /nologo CMakeFiles\\cmTC_94deb.dir\\CheckIncludeFile.c.obj  /out:cmTC_94deb.exe /implib:cmTC_94deb.lib /pdb:cmTC_94deb.pdb /version:0.0 /machine:X86  /nologo    /debug /INCREMENTAL /subsystem:console  kernel32.lib user32.lib gdi32.lib winspool.lib shell32.lib ole32.lib oleaut32.lib uuid.lib comdlg32.lib advapi32.lib && cd ."
        
      exitCode: 0
  -
    kind: "try_compile-v1"
    backtrace:
      - "C:/Program Files/CMake/share/cmake-3.31/Modules/CheckIncludeFile.cmake:99 (try_compile)"
      - "C:/Program Files/CMake/share/cmake-3.31/Modules/CheckTypeSize.cmake:264 (check_include_file)"
      - "cmake/Config.cmake:10 (check_type_size)"
      - "CMakeLists.txt:41 (include)"
    checks:
      - "Looking for stddef.h"
    directories:
      source: "C:/Users/K.Lourenco/source/repos/CMake_Ninja/out/build/x86-debug/vcpkg_installed/vcpkg/blds/sfml/x86-windows-rel/CMakeFiles/CMakeScratch/TryCompile-fr444r"
      binary: "C:/Users/K.Lourenco/source/repos/CMake_Ninja/out/build/x86-debug/vcpkg_installed/vcpkg/blds/sfml/x86-windows-rel/CMakeFiles/CMakeScratch/TryCompile-fr444r"
    cmakeVariables:
      CMAKE_C_FLAGS: " /nologo /DWIN32 /D_WINDOWS /utf-8 /MP "
      CMAKE_C_FLAGS_DEBUG: "/D_DEBUG /MDd /Z7 /Ob0 /Od /RTC1 "
      CMAKE_EXE_LINKER_FLAGS: "/machine:X86"
      CMAKE_MSVC_DEBUG_INFORMATION_FORMAT: ""
      CMAKE_MSVC_RUNTIME_LIBRARY: "MultiThreaded$<$<CONFIG:Debug>:Debug>$<$<STREQUAL:dynamic,dynamic>:DLL>"
      CMAKE_OSX_SYSROOT: ""
      CMAKE_USER_MAKE_RULES_OVERRIDE: "C:/Users/K.Lourenco/source/repos/CMake_Ninja/out/build/x86-debug/vcpkg_installed/vcpkg/blds/sfml/src/2.6.1-f39277683b.clean/cmake/CompilerOptionsOverride.cmake"
      VCPKG_CHAINLOAD_TOOLCHAIN_FILE: "C:/Program Files/Microsoft Visual Studio/2022/Community/VC/vcpkg/scripts/toolchains/windows.cmake"
      VCPKG_CRT_LINKAGE: "dynamic"
      VCPKG_CXX_FLAGS: ""
      VCPKG_CXX_FLAGS_DEBUG: ""
      VCPKG_CXX_FLAGS_RELEASE: ""
      VCPKG_C_FLAGS: ""
      VCPKG_C_FLAGS_DEBUG: ""
      VCPKG_C_FLAGS_RELEASE: ""
      VCPKG_INSTALLED_DIR: "C:/Users/K.Lourenco/source/repos/CMake_Ninja/out/build/x86-debug/vcpkg_installed"
      VCPKG_LINKER_FLAGS: ""
      VCPKG_LINKER_FLAGS_DEBUG: ""
      VCPKG_LINKER_FLAGS_RELEASE: ""
      VCPKG_PLATFORM_TOOLSET: "v143"
      VCPKG_PREFER_SYSTEM_LIBS: "OFF"
      VCPKG_SET_CHARSET_FLAG: "ON"
      VCPKG_TARGET_ARCHITECTURE: "x86"
      VCPKG_TARGET_TRIPLET: "x86-windows"
      Z_VCPKG_ROOT_DIR: "C:/Program Files/Microsoft Visual Studio/2022/Community/VC/vcpkg"
    buildResult:
      variable: "HAVE_STDDEF_H"
      cached: true
      stdout: |
        Change Dir: 'C:/Users/K.Lourenco/source/repos/CMake_Ninja/out/build/x86-debug/vcpkg_installed/vcpkg/blds/sfml/x86-windows-rel/CMakeFiles/CMakeScratch/TryCompile-fr444r'
        
        Run Build Command(s): "C:/Program Files/Microsoft Visual Studio/2022/Community/Common7/IDE/CommonExtensions/Microsoft/CMake/Ninja/ninja.exe" -v cmTC_6e409
        [1/2] C:\\PROGRA~1\\MICROS~1\\2022\\COMMUN~1\\VC\\Tools\\MSVC\\1442~1.344\\bin\\Hostx64\\x86\\cl.exe  /nologo   /nologo /DWIN32 /D_WINDOWS /utf-8 /MP   /D_DEBUG /MDd /Z7 /Ob0 /Od /RTC1 /showIncludes /FoCMakeFiles\\cmTC_6e409.dir\\CheckIncludeFile.c.obj /FdCMakeFiles\\cmTC_6e409.dir\\ /FS -c C:\\Users\\K.Lourenco\\source\\repos\\CMake_Ninja\\out\\build\\x86-debug\\vcpkg_installed\\vcpkg\\blds\\sfml\\x86-windows-rel\\CMakeFiles\\CMakeScratch\\TryCompile-fr444r\\CheckIncludeFile.c
        [2/2] C:\\windows\\system32\\cmd.exe /C "cd . && "C:\\Program Files\\CMake\\bin\\cmake.exe" -E vs_link_exe --msvc-ver=1942 --intdir=CMakeFiles\\cmTC_6e409.dir --rc=C:\\PROGRA~2\\WI3CF2~1\\10\\bin\\100226~1.0\\x64\\rc.exe --mt=C:\\PROGRA~2\\WI3CF2~1\\10\\bin\\100226~1.0\\x64\\mt.exe --manifests  -- C:\\PROGRA~1\\MICROS~1\\2022\\COMMUN~1\\VC\\Tools\\MSVC\\1442~1.344\\bin\\Hostx64\\x86\\link.exe /nologo CMakeFiles\\cmTC_6e409.dir\\CheckIncludeFile.c.obj  /out:cmTC_6e409.exe /implib:cmTC_6e409.lib /pdb:cmTC_6e409.pdb /version:0.0 /machine:X86  /nologo    /debug /INCREMENTAL /subsystem:console  kernel32.lib user32.lib gdi32.lib winspool.lib shell32.lib ole32.lib oleaut32.lib uuid.lib comdlg32.lib advapi32.lib && cd ."
        
      exitCode: 0
  -
    kind: "try_compile-v1"
    backtrace:
      - "C:/Program Files/CMake/share/cmake-3.31/Modules/CheckTypeSize.cmake:156 (try_compile)"
      - "C:/Program Files/CMake/share/cmake-3.31/Modules/CheckTypeSize.cmake:283 (__check_type_size_impl)"
      - "cmake/Config.cmake:10 (check_type_size)"
      - "CMakeLists.txt:41 (include)"
    checks:
      - "Check size of void*"
    directories:
      source: "C:/Users/K.Lourenco/source/repos/CMake_Ninja/out/build/x86-debug/vcpkg_installed/vcpkg/blds/sfml/x86-windows-rel/CMakeFiles/CMakeScratch/TryCompile-l96wvw"
      binary: "C:/Users/K.Lourenco/source/repos/CMake_Ninja/out/build/x86-debug/vcpkg_installed/vcpkg/blds/sfml/x86-windows-rel/CMakeFiles/CMakeScratch/TryCompile-l96wvw"
    cmakeVariables:
      CMAKE_C_FLAGS: " /nologo /DWIN32 /D_WINDOWS /utf-8 /MP "
      CMAKE_C_FLAGS_DEBUG: "/D_DEBUG /MDd /Z7 /Ob0 /Od /RTC1 "
      CMAKE_EXE_LINKER_FLAGS: "/machine:X86"
      CMAKE_MSVC_DEBUG_INFORMATION_FORMAT: ""
      CMAKE_MSVC_RUNTIME_LIBRARY: "MultiThreaded$<$<CONFIG:Debug>:Debug>$<$<STREQUAL:dynamic,dynamic>:DLL>"
      CMAKE_OSX_SYSROOT: ""
      CMAKE_USER_MAKE_RULES_OVERRIDE: "C:/Users/K.Lourenco/source/repos/CMake_Ninja/out/build/x86-debug/vcpkg_installed/vcpkg/blds/sfml/src/2.6.1-f39277683b.clean/cmake/CompilerOptionsOverride.cmake"
      VCPKG_CHAINLOAD_TOOLCHAIN_FILE: "C:/Program Files/Microsoft Visual Studio/2022/Community/VC/vcpkg/scripts/toolchains/windows.cmake"
      VCPKG_CRT_LINKAGE: "dynamic"
      VCPKG_CXX_FLAGS: ""
      VCPKG_CXX_FLAGS_DEBUG: ""
      VCPKG_CXX_FLAGS_RELEASE: ""
      VCPKG_C_FLAGS: ""
      VCPKG_C_FLAGS_DEBUG: ""
      VCPKG_C_FLAGS_RELEASE: ""
      VCPKG_INSTALLED_DIR: "C:/Users/K.Lourenco/source/repos/CMake_Ninja/out/build/x86-debug/vcpkg_installed"
      VCPKG_LINKER_FLAGS: ""
      VCPKG_LINKER_FLAGS_DEBUG: ""
      VCPKG_LINKER_FLAGS_RELEASE: ""
      VCPKG_PLATFORM_TOOLSET: "v143"
      VCPKG_PREFER_SYSTEM_LIBS: "OFF"
      VCPKG_SET_CHARSET_FLAG: "ON"
      VCPKG_TARGET_ARCHITECTURE: "x86"
      VCPKG_TARGET_TRIPLET: "x86-windows"
      Z_VCPKG_ROOT_DIR: "C:/Program Files/Microsoft Visual Studio/2022/Community/VC/vcpkg"
    buildResult:
      variable: "HAVE_SIZEOF_VOID_PTR"
      cached: true
      stdout: |
        Change Dir: 'C:/Users/K.Lourenco/source/repos/CMake_Ninja/out/build/x86-debug/vcpkg_installed/vcpkg/blds/sfml/x86-windows-rel/CMakeFiles/CMakeScratch/TryCompile-l96wvw'
        
        Run Build Command(s): "C:/Program Files/Microsoft Visual Studio/2022/Community/Common7/IDE/CommonExtensions/Microsoft/CMake/Ninja/ninja.exe" -v cmTC_f8f6d
        [1/2] C:\\PROGRA~1\\MICROS~1\\2022\\COMMUN~1\\VC\\Tools\\MSVC\\1442~1.344\\bin\\Hostx64\\x86\\cl.exe  /nologo   /nologo /DWIN32 /D_WINDOWS /utf-8 /MP   /D_DEBUG /MDd /Z7 /Ob0 /Od /RTC1 /showIncludes /FoCMakeFiles\\cmTC_f8f6d.dir\\SIZEOF_VOID_PTR.c.obj /FdCMakeFiles\\cmTC_f8f6d.dir\\ /FS -c C:\\Users\\K.Lourenco\\source\\repos\\CMake_Ninja\\out\\build\\x86-debug\\vcpkg_installed\\vcpkg\\blds\\sfml\\x86-windows-rel\\CMakeFiles\\CMakeScratch\\TryCompile-l96wvw\\SIZEOF_VOID_PTR.c
        [2/2] C:\\windows\\system32\\cmd.exe /C "cd . && "C:\\Program Files\\CMake\\bin\\cmake.exe" -E vs_link_exe --msvc-ver=1942 --intdir=CMakeFiles\\cmTC_f8f6d.dir --rc=C:\\PROGRA~2\\WI3CF2~1\\10\\bin\\100226~1.0\\x64\\rc.exe --mt=C:\\PROGRA~2\\WI3CF2~1\\10\\bin\\100226~1.0\\x64\\mt.exe --manifests  -- C:\\PROGRA~1\\MICROS~1\\2022\\COMMUN~1\\VC\\Tools\\MSVC\\1442~1.344\\bin\\Hostx64\\x86\\link.exe /nologo CMakeFiles\\cmTC_f8f6d.dir\\SIZEOF_VOID_PTR.c.obj  /out:cmTC_f8f6d.exe /implib:cmTC_f8f6d.lib /pdb:cmTC_f8f6d.pdb /version:0.0 /machine:X86  /nologo    /debug /INCREMENTAL /subsystem:console  kernel32.lib user32.lib gdi32.lib winspool.lib shell32.lib ole32.lib oleaut32.lib uuid.lib comdlg32.lib advapi32.lib && cd ."
        
      exitCode: 0
...
