-- Downloading https://github.com/SFML/SFML/archive/2.6.1.tar.gz -> SFML-SFML-2.6.1.tar.gz...
-- Extracting source C:/Users/K.Lourenco/AppData/Local/vcpkg/downloads/SFML-SFML-2.6.1.tar.gz
-- Applying patch fix-dependencies.patch
-- Using source at C:/Users/K.Lourenco/source/repos/CMake_Ninja/out/build/x86-debug/vcpkg_installed/vcpkg/blds/sfml/src/2.6.1-f39277683b.clean
CMake Warning (dev) at scripts/cmake/vcpkg_find_acquire_program.cmake:70 (cmake_parse_arguments):
  The INTERPRETER keyword was followed by an empty string or no value at all.
  Policy CMP0174 is not set, so cmake_parse_arguments() will unset the
  arg_INTERPRETER variable rather than setting it to an empty string.
Call Stack (most recent call first):
  scripts/cmake/vcpkg_find_acquire_program.cmake:143 (z_vcpkg_find_acquire_program_find_internal)
  C:/Users/K.Lourenco/source/repos/CMake_Ninja/out/build/x86-debug/vcpkg_installed/x64-windows/share/vcpkg-cmake/vcpkg_cmake_configure.cmake:116 (vcpkg_find_acquire_program)
  C:/Users/K.Lourenco/AppData/Local/vcpkg/registries/git-trees/3cf9cce0cc82c37f5a37c1c97d05c7fcb4609486/portfile.cmake:17 (vcpkg_cmake_configure)
  scripts/ports.cmake:192 (include)
This warning is for project developers.  Use -Wno-dev to suppress it.

CMake Warning (dev) at scripts/cmake/vcpkg_find_acquire_program.cmake:30 (cmake_parse_arguments):
  The INTERPRETER keyword was followed by an empty string or no value at all.
  Policy CMP0174 is not set, so cmake_parse_arguments() will unset the
  arg_INTERPRETER variable rather than setting it to an empty string.
Call Stack (most recent call first):
  scripts/cmake/vcpkg_find_acquire_program.cmake:149 (z_vcpkg_find_acquire_program_find_external)
  C:/Users/K.Lourenco/source/repos/CMake_Ninja/out/build/x86-debug/vcpkg_installed/x64-windows/share/vcpkg-cmake/vcpkg_cmake_configure.cmake:116 (vcpkg_find_acquire_program)
  C:/Users/K.Lourenco/AppData/Local/vcpkg/registries/git-trees/3cf9cce0cc82c37f5a37c1c97d05c7fcb4609486/portfile.cmake:17 (vcpkg_cmake_configure)
  scripts/ports.cmake:192 (include)
This warning is for project developers.  Use -Wno-dev to suppress it.

-- Found external ninja('1.12.1').
-- Configuring x86-windows
CMake Warning at C:/Users/K.Lourenco/source/repos/CMake_Ninja/out/build/x86-debug/vcpkg_installed/x64-windows/share/vcpkg-cmake/vcpkg_cmake_configure.cmake:344 (message):
  The following variables are not used in CMakeLists.txt:

      SFML_MISC_INSTALL_PREFIX
      SFML_WARNINGS_AS_ERRORS

  Please recheck them and remove the unnecessary options from the
  `vcpkg_cmake_configure` call.

  If these options should still be passed for whatever reason, please use the
  `MAYBE_UNUSED_VARIABLES` argument.
Call Stack (most recent call first):
  C:/Users/K.Lourenco/AppData/Local/vcpkg/registries/git-trees/3cf9cce0cc82c37f5a37c1c97d05c7fcb4609486/portfile.cmake:17 (vcpkg_cmake_configure)
  scripts/ports.cmake:192 (include)


-- Building x86-windows-dbg
-- Building x86-windows-rel
CMake Warning at scripts/cmake/vcpkg_copy_pdbs.cmake:44 (message):
  Could not find a matching pdb file for:

      C:/Users/K.Lourenco/source/repos/CMake_Ninja/out/build/x86-debug/vcpkg_installed/vcpkg/pkgs/sfml_x86-windows/bin/sfml-audio-2.dll
      C:/Users/K.Lourenco/source/repos/CMake_Ninja/out/build/x86-debug/vcpkg_installed/vcpkg/pkgs/sfml_x86-windows/bin/sfml-graphics-2.dll
      C:/Users/K.Lourenco/source/repos/CMake_Ninja/out/build/x86-debug/vcpkg_installed/vcpkg/pkgs/sfml_x86-windows/bin/sfml-network-2.dll
      C:/Users/K.Lourenco/source/repos/CMake_Ninja/out/build/x86-debug/vcpkg_installed/vcpkg/pkgs/sfml_x86-windows/bin/sfml-system-2.dll
      C:/Users/K.Lourenco/source/repos/CMake_Ninja/out/build/x86-debug/vcpkg_installed/vcpkg/pkgs/sfml_x86-windows/bin/sfml-window-2.dll
      C:/Users/K.Lourenco/source/repos/CMake_Ninja/out/build/x86-debug/vcpkg_installed/vcpkg/pkgs/sfml_x86-windows/debug/bin/sfml-audio-d-2.dll
      C:/Users/K.Lourenco/source/repos/CMake_Ninja/out/build/x86-debug/vcpkg_installed/vcpkg/pkgs/sfml_x86-windows/debug/bin/sfml-graphics-d-2.dll
      C:/Users/K.Lourenco/source/repos/CMake_Ninja/out/build/x86-debug/vcpkg_installed/vcpkg/pkgs/sfml_x86-windows/debug/bin/sfml-network-d-2.dll
      C:/Users/K.Lourenco/source/repos/CMake_Ninja/out/build/x86-debug/vcpkg_installed/vcpkg/pkgs/sfml_x86-windows/debug/bin/sfml-system-d-2.dll
      C:/Users/K.Lourenco/source/repos/CMake_Ninja/out/build/x86-debug/vcpkg_installed/vcpkg/pkgs/sfml_x86-windows/debug/bin/sfml-window-d-2.dll

Call Stack (most recent call first):
  C:/Users/K.Lourenco/AppData/Local/vcpkg/registries/git-trees/3cf9cce0cc82c37f5a37c1c97d05c7fcb4609486/portfile.cmake:29 (vcpkg_copy_pdbs)
  scripts/ports.cmake:192 (include)


-- Using cached msys2-mingw-w64-x86_64-pkgconf-1~2.2.0-1-any.pkg.tar.zst.
-- Using cached msys2-msys2-runtime-3.5.3-3-x86_64.pkg.tar.zst.
-- Using msys root at C:/Users/K.Lourenco/AppData/Local/vcpkg/downloads/tools/msys2/1e74ca60daa10104
CMake Warning (dev) at scripts/cmake/vcpkg_find_acquire_program.cmake:70 (cmake_parse_arguments):
  The INTERPRETER keyword was followed by an empty string or no value at all.
  Policy CMP0174 is not set, so cmake_parse_arguments() will unset the
  arg_INTERPRETER variable rather than setting it to an empty string.
Call Stack (most recent call first):
  scripts/cmake/vcpkg_find_acquire_program.cmake:143 (z_vcpkg_find_acquire_program_find_internal)
  scripts/cmake/vcpkg_fixup_pkgconfig.cmake:193 (vcpkg_find_acquire_program)
  C:/Users/K.Lourenco/AppData/Local/vcpkg/registries/git-trees/3cf9cce0cc82c37f5a37c1c97d05c7fcb4609486/portfile.cmake:47 (vcpkg_fixup_pkgconfig)
  scripts/ports.cmake:192 (include)
This warning is for project developers.  Use -Wno-dev to suppress it.

-- Installing: C:/Users/K.Lourenco/source/repos/CMake_Ninja/out/build/x86-debug/vcpkg_installed/vcpkg/pkgs/sfml_x86-windows/share/sfml/copyright
-- Exécution de la validation post-build
