[1/2] "C:/Program Files/CMake/bin/cmake.exe" -E chdir "../../x86-windows-dbg" "C:/Program Files/CMake/bin/cmake.exe" "C:/Users/K.Lourenco/source/repos/CMake_Ninja/out/build/x86-debug/vcpkg_installed/vcpkg/blds/libogg/src/v1.3.5-1a4243fef9.clean" "-G" "Ninja" "-DCMAKE_BUILD_TYPE=Debug" "-DCMAKE_INSTALL_PREFIX=C:/Users/K.Lourenco/source/repos/CMake_Ninja/out/build/x86-debug/vcpkg_installed/vcpkg/pkgs/libogg_x86-windows/debug" "-DFETCHCONTENT_FULLY_DISCONNECTED=ON" "-DINSTALL_DOCS=OFF" "-DINSTALL_PKG_CONFIG_MODULE=ON" "-DBUILD_TESTING=OFF" "-DCMAKE_MAKE_PROGRAM=C:/Program Files/Microsoft Visual Studio/2022/Community/Common7/IDE/CommonExtensions/Microsoft/CMake/Ninja/ninja.exe" "-DBUILD_SHARED_LIBS=ON" "-DVCPKG_CHAINLOAD_TOOLCHAIN_FILE=C:/Program Files/Microsoft Visual Studio/2022/Community/VC/vcpkg/scripts/toolchains/windows.cmake" "-DVCPKG_TARGET_TRIPLET=x86-windows" "-DVCPKG_SET_CHARSET_FLAG=ON" "-DVCPKG_PLATFORM_TOOLSET=v143" "-DCMAKE_EXPORT_NO_PACKAGE_REGISTRY=ON" "-DCMAKE_FIND_PACKAGE_NO_PACKAGE_REGISTRY=ON" "-DCMAKE_FIND_PACKAGE_NO_SYSTEM_PACKAGE_REGISTRY=ON" "-DCMAKE_INSTALL_SYSTEM_RUNTIME_LIBS_SKIP=TRUE" "-DCMAKE_VERBOSE_MAKEFILE=ON" "-DVCPKG_APPLOCAL_DEPS=OFF" "-DCMAKE_TOOLCHAIN_FILE=C:/Program Files/Microsoft Visual Studio/2022/Community/VC/vcpkg/scripts/buildsystems/vcpkg.cmake" "-DCMAKE_ERROR_ON_ABSOLUTE_INSTALL_DESTINATION=ON" "-DVCPKG_CXX_FLAGS=" "-DVCPKG_CXX_FLAGS_RELEASE=" "-DVCPKG_CXX_FLAGS_DEBUG=" "-DVCPKG_C_FLAGS=" "-DVCPKG_C_FLAGS_RELEASE=" "-DVCPKG_C_FLAGS_DEBUG=" "-DVCPKG_CRT_LINKAGE=dynamic" "-DVCPKG_LINKER_FLAGS=" "-DVCPKG_LINKER_FLAGS_RELEASE=" "-DVCPKG_LINKER_FLAGS_DEBUG=" "-DVCPKG_TARGET_ARCHITECTURE=x86" "-DCMAKE_INSTALL_LIBDIR:STRING=lib" "-DCMAKE_INSTALL_BINDIR:STRING=bin" "-D_VCPKG_ROOT_DIR=C:/Program Files/Microsoft Visual Studio/2022/Community/VC/vcpkg" "-D_VCPKG_INSTALLED_DIR=C:/Users/K.Lourenco/source/repos/CMake_Ninja/out/build/x86-debug/vcpkg_installed" "-DVCPKG_MANIFEST_INSTALL=OFF"
CMake Deprecation Warning at CMakeLists.txt:1 (cmake_minimum_required):
  Compatibility with CMake < 3.10 will be removed from a future version of
  CMake.

  Update the VERSION argument <min> value.  Or, use the <min>...<max> syntax
  to tell CMake that the project requires at least <min> but has been updated
  to work with policies introduced by <max> or earlier.


CMake Deprecation Warning at C:/Program Files/Microsoft Visual Studio/2022/Community/VC/vcpkg/scripts/buildsystems/vcpkg.cmake:40 (cmake_policy):
  Compatibility with CMake < 3.10 will be removed from a future version of
  CMake.

  Update the VERSION argument <min> value.  Or, use the <min>...<max> syntax
  to tell CMake that the project requires at least <min> but has been updated
  to work with policies introduced by <max> or earlier.
Call Stack (most recent call first):
  C:/Program Files/CMake/share/cmake-3.31/Modules/CMakeDetermineSystem.cmake:146 (include)
  CMakeLists.txt:2 (project)


CMake Deprecation Warning at C:/Program Files/Microsoft Visual Studio/2022/Community/VC/vcpkg/scripts/buildsystems/vcpkg.cmake:878 (cmake_policy):
  Compatibility with CMake < 3.10 will be removed from a future version of
  CMake.

  Update the VERSION argument <min> value.  Or, use the <min>...<max> syntax
  to tell CMake that the project requires at least <min> but has been updated
  to work with policies introduced by <max> or earlier.
Call Stack (most recent call first):
  C:/Program Files/CMake/share/cmake-3.31/Modules/CMakeDetermineSystem.cmake:146 (include)
  CMakeLists.txt:2 (project)


CMake Deprecation Warning at C:/Program Files/Microsoft Visual Studio/2022/Community/VC/vcpkg/scripts/buildsystems/vcpkg.cmake:40 (cmake_policy):
  Compatibility with CMake < 3.10 will be removed from a future version of
  CMake.

  Update the VERSION argument <min> value.  Or, use the <min>...<max> syntax
  to tell CMake that the project requires at least <min> but has been updated
  to work with policies introduced by <max> or earlier.
Call Stack (most recent call first):
  C:/Users/K.Lourenco/source/repos/CMake_Ninja/out/build/x86-debug/vcpkg_installed/vcpkg/blds/libogg/x86-windows-dbg/CMakeFiles/3.31.2/CMakeSystem.cmake:6 (include)
  CMakeLists.txt:2 (project)


-- The C compiler identification is MSVC 19.42.34433.0
-- The CXX compiler identification is MSVC 19.42.34433.0
-- Detecting C compiler ABI info
CMake Deprecation Warning at C:/Program Files/Microsoft Visual Studio/2022/Community/VC/vcpkg/scripts/buildsystems/vcpkg.cmake:40 (cmake_policy):
  Compatibility with CMake < 3.10 will be removed from a future version of
  CMake.

  Update the VERSION argument <min> value.  Or, use the <min>...<max> syntax
  to tell CMake that the project requires at least <min> but has been updated
  to work with policies introduced by <max> or earlier.
Call Stack (most recent call first):
  C:/Users/K.Lourenco/source/repos/CMake_Ninja/out/build/x86-debug/vcpkg_installed/vcpkg/blds/libogg/x86-windows-dbg/CMakeFiles/3.31.2/CMakeSystem.cmake:6 (include)
  C:/Users/K.Lourenco/source/repos/CMake_Ninja/out/build/x86-debug/vcpkg_installed/vcpkg/blds/libogg/x86-windows-dbg/CMakeFiles/CMakeScratch/TryCompile-kgekjh/CMakeLists.txt:6 (project)


CMake Deprecation Warning at C:/Program Files/Microsoft Visual Studio/2022/Community/VC/vcpkg/scripts/buildsystems/vcpkg.cmake:878 (cmake_policy):
  Compatibility with CMake < 3.10 will be removed from a future version of
  CMake.

  Update the VERSION argument <min> value.  Or, use the <min>...<max> syntax
  to tell CMake that the project requires at least <min> but has been updated
  to work with policies introduced by <max> or earlier.
Call Stack (most recent call first):
  C:/Users/K.Lourenco/source/repos/CMake_Ninja/out/build/x86-debug/vcpkg_installed/vcpkg/blds/libogg/x86-windows-dbg/CMakeFiles/3.31.2/CMakeSystem.cmake:6 (include)
  C:/Users/K.Lourenco/source/repos/CMake_Ninja/out/build/x86-debug/vcpkg_installed/vcpkg/blds/libogg/x86-windows-dbg/CMakeFiles/CMakeScratch/TryCompile-kgekjh/CMakeLists.txt:6 (project)


-- Detecting C compiler ABI info - done
-- Check for working C compiler: C:/Program Files/Microsoft Visual Studio/2022/Community/VC/Tools/MSVC/14.42.34433/bin/Hostx64/x86/cl.exe - skipped
-- Detecting C compile features
-- Detecting C compile features - done
-- Detecting CXX compiler ABI info
CMake Deprecation Warning at C:/Program Files/Microsoft Visual Studio/2022/Community/VC/vcpkg/scripts/buildsystems/vcpkg.cmake:40 (cmake_policy):
  Compatibility with CMake < 3.10 will be removed from a future version of
  CMake.

  Update the VERSION argument <min> value.  Or, use the <min>...<max> syntax
  to tell CMake that the project requires at least <min> but has been updated
  to work with policies introduced by <max> or earlier.
Call Stack (most recent call first):
  C:/Users/K.Lourenco/source/repos/CMake_Ninja/out/build/x86-debug/vcpkg_installed/vcpkg/blds/libogg/x86-windows-dbg/CMakeFiles/3.31.2/CMakeSystem.cmake:6 (include)
  C:/Users/K.Lourenco/source/repos/CMake_Ninja/out/build/x86-debug/vcpkg_installed/vcpkg/blds/libogg/x86-windows-dbg/CMakeFiles/CMakeScratch/TryCompile-86kz5j/CMakeLists.txt:6 (project)


CMake Deprecation Warning at C:/Program Files/Microsoft Visual Studio/2022/Community/VC/vcpkg/scripts/buildsystems/vcpkg.cmake:878 (cmake_policy):
  Compatibility with CMake < 3.10 will be removed from a future version of
  CMake.

  Update the VERSION argument <min> value.  Or, use the <min>...<max> syntax
  to tell CMake that the project requires at least <min> but has been updated
  to work with policies introduced by <max> or earlier.
Call Stack (most recent call first):
  C:/Users/K.Lourenco/source/repos/CMake_Ninja/out/build/x86-debug/vcpkg_installed/vcpkg/blds/libogg/x86-windows-dbg/CMakeFiles/3.31.2/CMakeSystem.cmake:6 (include)
  C:/Users/K.Lourenco/source/repos/CMake_Ninja/out/build/x86-debug/vcpkg_installed/vcpkg/blds/libogg/x86-windows-dbg/CMakeFiles/CMakeScratch/TryCompile-86kz5j/CMakeLists.txt:6 (project)


-- Detecting CXX compiler ABI info - done
-- Check for working CXX compiler: C:/Program Files/Microsoft Visual Studio/2022/Community/VC/Tools/MSVC/14.42.34433/bin/Hostx64/x86/cl.exe - skipped
-- Detecting CXX compile features
-- Detecting CXX compile features - done
-- Configuring libogg 1.3.5
-- Looking for include file inttypes.h
CMake Deprecation Warning at C:/Program Files/Microsoft Visual Studio/2022/Community/VC/vcpkg/scripts/buildsystems/vcpkg.cmake:40 (cmake_policy):
  Compatibility with CMake < 3.10 will be removed from a future version of
  CMake.

  Update the VERSION argument <min> value.  Or, use the <min>...<max> syntax
  to tell CMake that the project requires at least <min> but has been updated
  to work with policies introduced by <max> or earlier.
Call Stack (most recent call first):
  C:/Users/K.Lourenco/source/repos/CMake_Ninja/out/build/x86-debug/vcpkg_installed/vcpkg/blds/libogg/x86-windows-dbg/CMakeFiles/3.31.2/CMakeSystem.cmake:6 (include)
  C:/Users/K.Lourenco/source/repos/CMake_Ninja/out/build/x86-debug/vcpkg_installed/vcpkg/blds/libogg/x86-windows-dbg/CMakeFiles/CMakeScratch/TryCompile-owqwwz/CMakeLists.txt:6 (project)


CMake Deprecation Warning at C:/Program Files/Microsoft Visual Studio/2022/Community/VC/vcpkg/scripts/buildsystems/vcpkg.cmake:878 (cmake_policy):
  Compatibility with CMake < 3.10 will be removed from a future version of
  CMake.

  Update the VERSION argument <min> value.  Or, use the <min>...<max> syntax
  to tell CMake that the project requires at least <min> but has been updated
  to work with policies introduced by <max> or earlier.
Call Stack (most recent call first):
  C:/Users/K.Lourenco/source/repos/CMake_Ninja/out/build/x86-debug/vcpkg_installed/vcpkg/blds/libogg/x86-windows-dbg/CMakeFiles/3.31.2/CMakeSystem.cmake:6 (include)
  C:/Users/K.Lourenco/source/repos/CMake_Ninja/out/build/x86-debug/vcpkg_installed/vcpkg/blds/libogg/x86-windows-dbg/CMakeFiles/CMakeScratch/TryCompile-owqwwz/CMakeLists.txt:6 (project)


-- Looking for include file inttypes.h - found
-- Looking for include file stdint.h
CMake Deprecation Warning at C:/Program Files/Microsoft Visual Studio/2022/Community/VC/vcpkg/scripts/buildsystems/vcpkg.cmake:40 (cmake_policy):
  Compatibility with CMake < 3.10 will be removed from a future version of
  CMake.

  Update the VERSION argument <min> value.  Or, use the <min>...<max> syntax
  to tell CMake that the project requires at least <min> but has been updated
  to work with policies introduced by <max> or earlier.
Call Stack (most recent call first):
  C:/Users/K.Lourenco/source/repos/CMake_Ninja/out/build/x86-debug/vcpkg_installed/vcpkg/blds/libogg/x86-windows-dbg/CMakeFiles/3.31.2/CMakeSystem.cmake:6 (include)
  C:/Users/K.Lourenco/source/repos/CMake_Ninja/out/build/x86-debug/vcpkg_installed/vcpkg/blds/libogg/x86-windows-dbg/CMakeFiles/CMakeScratch/TryCompile-0yb0f4/CMakeLists.txt:6 (project)


CMake Deprecation Warning at C:/Program Files/Microsoft Visual Studio/2022/Community/VC/vcpkg/scripts/buildsystems/vcpkg.cmake:878 (cmake_policy):
  Compatibility with CMake < 3.10 will be removed from a future version of
  CMake.

  Update the VERSION argument <min> value.  Or, use the <min>...<max> syntax
  to tell CMake that the project requires at least <min> but has been updated
  to work with policies introduced by <max> or earlier.
Call Stack (most recent call first):
  C:/Users/K.Lourenco/source/repos/CMake_Ninja/out/build/x86-debug/vcpkg_installed/vcpkg/blds/libogg/x86-windows-dbg/CMakeFiles/3.31.2/CMakeSystem.cmake:6 (include)
  C:/Users/K.Lourenco/source/repos/CMake_Ninja/out/build/x86-debug/vcpkg_installed/vcpkg/blds/libogg/x86-windows-dbg/CMakeFiles/CMakeScratch/TryCompile-0yb0f4/CMakeLists.txt:6 (project)


-- Looking for include file stdint.h - found
-- Looking for include file sys/types.h
CMake Deprecation Warning at C:/Program Files/Microsoft Visual Studio/2022/Community/VC/vcpkg/scripts/buildsystems/vcpkg.cmake:40 (cmake_policy):
  Compatibility with CMake < 3.10 will be removed from a future version of
  CMake.

  Update the VERSION argument <min> value.  Or, use the <min>...<max> syntax
  to tell CMake that the project requires at least <min> but has been updated
  to work with policies introduced by <max> or earlier.
Call Stack (most recent call first):
  C:/Users/K.Lourenco/source/repos/CMake_Ninja/out/build/x86-debug/vcpkg_installed/vcpkg/blds/libogg/x86-windows-dbg/CMakeFiles/3.31.2/CMakeSystem.cmake:6 (include)
  C:/Users/K.Lourenco/source/repos/CMake_Ninja/out/build/x86-debug/vcpkg_installed/vcpkg/blds/libogg/x86-windows-dbg/CMakeFiles/CMakeScratch/TryCompile-z1qdty/CMakeLists.txt:6 (project)


CMake Deprecation Warning at C:/Program Files/Microsoft Visual Studio/2022/Community/VC/vcpkg/scripts/buildsystems/vcpkg.cmake:878 (cmake_policy):
  Compatibility with CMake < 3.10 will be removed from a future version of
  CMake.

  Update the VERSION argument <min> value.  Or, use the <min>...<max> syntax
  to tell CMake that the project requires at least <min> but has been updated
  to work with policies introduced by <max> or earlier.
Call Stack (most recent call first):
  C:/Users/K.Lourenco/source/repos/CMake_Ninja/out/build/x86-debug/vcpkg_installed/vcpkg/blds/libogg/x86-windows-dbg/CMakeFiles/3.31.2/CMakeSystem.cmake:6 (include)
  C:/Users/K.Lourenco/source/repos/CMake_Ninja/out/build/x86-debug/vcpkg_installed/vcpkg/blds/libogg/x86-windows-dbg/CMakeFiles/CMakeScratch/TryCompile-z1qdty/CMakeLists.txt:6 (project)


-- Looking for include file sys/types.h - found
-- Looking for sys/types.h
CMake Deprecation Warning at C:/Program Files/Microsoft Visual Studio/2022/Community/VC/vcpkg/scripts/buildsystems/vcpkg.cmake:40 (cmake_policy):
  Compatibility with CMake < 3.10 will be removed from a future version of
  CMake.

  Update the VERSION argument <min> value.  Or, use the <min>...<max> syntax
  to tell CMake that the project requires at least <min> but has been updated
  to work with policies introduced by <max> or earlier.
Call Stack (most recent call first):
  C:/Users/K.Lourenco/source/repos/CMake_Ninja/out/build/x86-debug/vcpkg_installed/vcpkg/blds/libogg/x86-windows-dbg/CMakeFiles/3.31.2/CMakeSystem.cmake:6 (include)
  C:/Users/K.Lourenco/source/repos/CMake_Ninja/out/build/x86-debug/vcpkg_installed/vcpkg/blds/libogg/x86-windows-dbg/CMakeFiles/CMakeScratch/TryCompile-kmdbr9/CMakeLists.txt:7 (project)


CMake Deprecation Warning at C:/Program Files/Microsoft Visual Studio/2022/Community/VC/vcpkg/scripts/buildsystems/vcpkg.cmake:878 (cmake_policy):
  Compatibility with CMake < 3.10 will be removed from a future version of
  CMake.

  Update the VERSION argument <min> value.  Or, use the <min>...<max> syntax
  to tell CMake that the project requires at least <min> but has been updated
  to work with policies introduced by <max> or earlier.
Call Stack (most recent call first):
  C:/Users/K.Lourenco/source/repos/CMake_Ninja/out/build/x86-debug/vcpkg_installed/vcpkg/blds/libogg/x86-windows-dbg/CMakeFiles/3.31.2/CMakeSystem.cmake:6 (include)
  C:/Users/K.Lourenco/source/repos/CMake_Ninja/out/build/x86-debug/vcpkg_installed/vcpkg/blds/libogg/x86-windows-dbg/CMakeFiles/CMakeScratch/TryCompile-kmdbr9/CMakeLists.txt:7 (project)


-- Looking for sys/types.h - found
-- Looking for stdint.h
CMake Deprecation Warning at C:/Program Files/Microsoft Visual Studio/2022/Community/VC/vcpkg/scripts/buildsystems/vcpkg.cmake:40 (cmake_policy):
  Compatibility with CMake < 3.10 will be removed from a future version of
  CMake.

  Update the VERSION argument <min> value.  Or, use the <min>...<max> syntax
  to tell CMake that the project requires at least <min> but has been updated
  to work with policies introduced by <max> or earlier.
Call Stack (most recent call first):
  C:/Users/K.Lourenco/source/repos/CMake_Ninja/out/build/x86-debug/vcpkg_installed/vcpkg/blds/libogg/x86-windows-dbg/CMakeFiles/3.31.2/CMakeSystem.cmake:6 (include)
  C:/Users/K.Lourenco/source/repos/CMake_Ninja/out/build/x86-debug/vcpkg_installed/vcpkg/blds/libogg/x86-windows-dbg/CMakeFiles/CMakeScratch/TryCompile-cz7bty/CMakeLists.txt:7 (project)


CMake Deprecation Warning at C:/Program Files/Microsoft Visual Studio/2022/Community/VC/vcpkg/scripts/buildsystems/vcpkg.cmake:878 (cmake_policy):
  Compatibility with CMake < 3.10 will be removed from a future version of
  CMake.

  Update the VERSION argument <min> value.  Or, use the <min>...<max> syntax
  to tell CMake that the project requires at least <min> but has been updated
  to work with policies introduced by <max> or earlier.
Call Stack (most recent call first):
  C:/Users/K.Lourenco/source/repos/CMake_Ninja/out/build/x86-debug/vcpkg_installed/vcpkg/blds/libogg/x86-windows-dbg/CMakeFiles/3.31.2/CMakeSystem.cmake:6 (include)
  C:/Users/K.Lourenco/source/repos/CMake_Ninja/out/build/x86-debug/vcpkg_installed/vcpkg/blds/libogg/x86-windows-dbg/CMakeFiles/CMakeScratch/TryCompile-cz7bty/CMakeLists.txt:7 (project)


-- Looking for stdint.h - found
-- Looking for stddef.h
CMake Deprecation Warning at C:/Program Files/Microsoft Visual Studio/2022/Community/VC/vcpkg/scripts/buildsystems/vcpkg.cmake:40 (cmake_policy):
  Compatibility with CMake < 3.10 will be removed from a future version of
  CMake.

  Update the VERSION argument <min> value.  Or, use the <min>...<max> syntax
  to tell CMake that the project requires at least <min> but has been updated
  to work with policies introduced by <max> or earlier.
Call Stack (most recent call first):
  C:/Users/K.Lourenco/source/repos/CMake_Ninja/out/build/x86-debug/vcpkg_installed/vcpkg/blds/libogg/x86-windows-dbg/CMakeFiles/3.31.2/CMakeSystem.cmake:6 (include)
  C:/Users/K.Lourenco/source/repos/CMake_Ninja/out/build/x86-debug/vcpkg_installed/vcpkg/blds/libogg/x86-windows-dbg/CMakeFiles/CMakeScratch/TryCompile-4j8ij9/CMakeLists.txt:7 (project)


CMake Deprecation Warning at C:/Program Files/Microsoft Visual Studio/2022/Community/VC/vcpkg/scripts/buildsystems/vcpkg.cmake:878 (cmake_policy):
  Compatibility with CMake < 3.10 will be removed from a future version of
  CMake.

  Update the VERSION argument <min> value.  Or, use the <min>...<max> syntax
  to tell CMake that the project requires at least <min> but has been updated
  to work with policies introduced by <max> or earlier.
Call Stack (most recent call first):
  C:/Users/K.Lourenco/source/repos/CMake_Ninja/out/build/x86-debug/vcpkg_installed/vcpkg/blds/libogg/x86-windows-dbg/CMakeFiles/3.31.2/CMakeSystem.cmake:6 (include)
  C:/Users/K.Lourenco/source/repos/CMake_Ninja/out/build/x86-debug/vcpkg_installed/vcpkg/blds/libogg/x86-windows-dbg/CMakeFiles/CMakeScratch/TryCompile-4j8ij9/CMakeLists.txt:7 (project)


-- Looking for stddef.h - found
-- Check size of int16_t
CMake Deprecation Warning at C:/Program Files/Microsoft Visual Studio/2022/Community/VC/vcpkg/scripts/buildsystems/vcpkg.cmake:40 (cmake_policy):
  Compatibility with CMake < 3.10 will be removed from a future version of
  CMake.

  Update the VERSION argument <min> value.  Or, use the <min>...<max> syntax
  to tell CMake that the project requires at least <min> but has been updated
  to work with policies introduced by <max> or earlier.
Call Stack (most recent call first):
  C:/Users/K.Lourenco/source/repos/CMake_Ninja/out/build/x86-debug/vcpkg_installed/vcpkg/blds/libogg/x86-windows-dbg/CMakeFiles/3.31.2/CMakeSystem.cmake:6 (include)
  C:/Users/K.Lourenco/source/repos/CMake_Ninja/out/build/x86-debug/vcpkg_installed/vcpkg/blds/libogg/x86-windows-dbg/CMakeFiles/CMakeScratch/TryCompile-kpl0aq/CMakeLists.txt:7 (project)


CMake Deprecation Warning at C:/Program Files/Microsoft Visual Studio/2022/Community/VC/vcpkg/scripts/buildsystems/vcpkg.cmake:878 (cmake_policy):
  Compatibility with CMake < 3.10 will be removed from a future version of
  CMake.

  Update the VERSION argument <min> value.  Or, use the <min>...<max> syntax
  to tell CMake that the project requires at least <min> but has been updated
  to work with policies introduced by <max> or earlier.
Call Stack (most recent call first):
  C:/Users/K.Lourenco/source/repos/CMake_Ninja/out/build/x86-debug/vcpkg_installed/vcpkg/blds/libogg/x86-windows-dbg/CMakeFiles/3.31.2/CMakeSystem.cmake:6 (include)
  C:/Users/K.Lourenco/source/repos/CMake_Ninja/out/build/x86-debug/vcpkg_installed/vcpkg/blds/libogg/x86-windows-dbg/CMakeFiles/CMakeScratch/TryCompile-kpl0aq/CMakeLists.txt:7 (project)


-- Check size of int16_t - done
-- Check size of uint16_t
CMake Deprecation Warning at C:/Program Files/Microsoft Visual Studio/2022/Community/VC/vcpkg/scripts/buildsystems/vcpkg.cmake:40 (cmake_policy):
  Compatibility with CMake < 3.10 will be removed from a future version of
  CMake.

  Update the VERSION argument <min> value.  Or, use the <min>...<max> syntax
  to tell CMake that the project requires at least <min> but has been updated
  to work with policies introduced by <max> or earlier.
Call Stack (most recent call first):
  C:/Users/K.Lourenco/source/repos/CMake_Ninja/out/build/x86-debug/vcpkg_installed/vcpkg/blds/libogg/x86-windows-dbg/CMakeFiles/3.31.2/CMakeSystem.cmake:6 (include)
  C:/Users/K.Lourenco/source/repos/CMake_Ninja/out/build/x86-debug/vcpkg_installed/vcpkg/blds/libogg/x86-windows-dbg/CMakeFiles/CMakeScratch/TryCompile-pyug8b/CMakeLists.txt:7 (project)


CMake Deprecation Warning at C:/Program Files/Microsoft Visual Studio/2022/Community/VC/vcpkg/scripts/buildsystems/vcpkg.cmake:878 (cmake_policy):
  Compatibility with CMake < 3.10 will be removed from a future version of
  CMake.

  Update the VERSION argument <min> value.  Or, use the <min>...<max> syntax
  to tell CMake that the project requires at least <min> but has been updated
  to work with policies introduced by <max> or earlier.
Call Stack (most recent call first):
  C:/Users/K.Lourenco/source/repos/CMake_Ninja/out/build/x86-debug/vcpkg_installed/vcpkg/blds/libogg/x86-windows-dbg/CMakeFiles/3.31.2/CMakeSystem.cmake:6 (include)
  C:/Users/K.Lourenco/source/repos/CMake_Ninja/out/build/x86-debug/vcpkg_installed/vcpkg/blds/libogg/x86-windows-dbg/CMakeFiles/CMakeScratch/TryCompile-pyug8b/CMakeLists.txt:7 (project)


-- Check size of uint16_t - done
-- Check size of u_int16_t
CMake Deprecation Warning at C:/Program Files/Microsoft Visual Studio/2022/Community/VC/vcpkg/scripts/buildsystems/vcpkg.cmake:40 (cmake_policy):
  Compatibility with CMake < 3.10 will be removed from a future version of
  CMake.

  Update the VERSION argument <min> value.  Or, use the <min>...<max> syntax
  to tell CMake that the project requires at least <min> but has been updated
  to work with policies introduced by <max> or earlier.
Call Stack (most recent call first):
  C:/Users/K.Lourenco/source/repos/CMake_Ninja/out/build/x86-debug/vcpkg_installed/vcpkg/blds/libogg/x86-windows-dbg/CMakeFiles/3.31.2/CMakeSystem.cmake:6 (include)
  C:/Users/K.Lourenco/source/repos/CMake_Ninja/out/build/x86-debug/vcpkg_installed/vcpkg/blds/libogg/x86-windows-dbg/CMakeFiles/CMakeScratch/TryCompile-ic2z2x/CMakeLists.txt:7 (project)


CMake Deprecation Warning at C:/Program Files/Microsoft Visual Studio/2022/Community/VC/vcpkg/scripts/buildsystems/vcpkg.cmake:878 (cmake_policy):
  Compatibility with CMake < 3.10 will be removed from a future version of
  CMake.

  Update the VERSION argument <min> value.  Or, use the <min>...<max> syntax
  to tell CMake that the project requires at least <min> but has been updated
  to work with policies introduced by <max> or earlier.
Call Stack (most recent call first):
  C:/Users/K.Lourenco/source/repos/CMake_Ninja/out/build/x86-debug/vcpkg_installed/vcpkg/blds/libogg/x86-windows-dbg/CMakeFiles/3.31.2/CMakeSystem.cmake:6 (include)
  C:/Users/K.Lourenco/source/repos/CMake_Ninja/out/build/x86-debug/vcpkg_installed/vcpkg/blds/libogg/x86-windows-dbg/CMakeFiles/CMakeScratch/TryCompile-ic2z2x/CMakeLists.txt:7 (project)


-- Check size of u_int16_t - failed
-- Check size of int32_t
CMake Deprecation Warning at C:/Program Files/Microsoft Visual Studio/2022/Community/VC/vcpkg/scripts/buildsystems/vcpkg.cmake:40 (cmake_policy):
  Compatibility with CMake < 3.10 will be removed from a future version of
  CMake.

  Update the VERSION argument <min> value.  Or, use the <min>...<max> syntax
  to tell CMake that the project requires at least <min> but has been updated
  to work with policies introduced by <max> or earlier.
Call Stack (most recent call first):
  C:/Users/K.Lourenco/source/repos/CMake_Ninja/out/build/x86-debug/vcpkg_installed/vcpkg/blds/libogg/x86-windows-dbg/CMakeFiles/3.31.2/CMakeSystem.cmake:6 (include)
  C:/Users/K.Lourenco/source/repos/CMake_Ninja/out/build/x86-debug/vcpkg_installed/vcpkg/blds/libogg/x86-windows-dbg/CMakeFiles/CMakeScratch/TryCompile-7onlq8/CMakeLists.txt:7 (project)


CMake Deprecation Warning at C:/Program Files/Microsoft Visual Studio/2022/Community/VC/vcpkg/scripts/buildsystems/vcpkg.cmake:878 (cmake_policy):
  Compatibility with CMake < 3.10 will be removed from a future version of
  CMake.

  Update the VERSION argument <min> value.  Or, use the <min>...<max> syntax
  to tell CMake that the project requires at least <min> but has been updated
  to work with policies introduced by <max> or earlier.
Call Stack (most recent call first):
  C:/Users/K.Lourenco/source/repos/CMake_Ninja/out/build/x86-debug/vcpkg_installed/vcpkg/blds/libogg/x86-windows-dbg/CMakeFiles/3.31.2/CMakeSystem.cmake:6 (include)
  C:/Users/K.Lourenco/source/repos/CMake_Ninja/out/build/x86-debug/vcpkg_installed/vcpkg/blds/libogg/x86-windows-dbg/CMakeFiles/CMakeScratch/TryCompile-7onlq8/CMakeLists.txt:7 (project)


-- Check size of int32_t - done
-- Check size of uint32_t
CMake Deprecation Warning at C:/Program Files/Microsoft Visual Studio/2022/Community/VC/vcpkg/scripts/buildsystems/vcpkg.cmake:40 (cmake_policy):
  Compatibility with CMake < 3.10 will be removed from a future version of
  CMake.

  Update the VERSION argument <min> value.  Or, use the <min>...<max> syntax
  to tell CMake that the project requires at least <min> but has been updated
  to work with policies introduced by <max> or earlier.
Call Stack (most recent call first):
  C:/Users/K.Lourenco/source/repos/CMake_Ninja/out/build/x86-debug/vcpkg_installed/vcpkg/blds/libogg/x86-windows-dbg/CMakeFiles/3.31.2/CMakeSystem.cmake:6 (include)
  C:/Users/K.Lourenco/source/repos/CMake_Ninja/out/build/x86-debug/vcpkg_installed/vcpkg/blds/libogg/x86-windows-dbg/CMakeFiles/CMakeScratch/TryCompile-sdm11a/CMakeLists.txt:7 (project)


CMake Deprecation Warning at C:/Program Files/Microsoft Visual Studio/2022/Community/VC/vcpkg/scripts/buildsystems/vcpkg.cmake:878 (cmake_policy):
  Compatibility with CMake < 3.10 will be removed from a future version of
  CMake.

  Update the VERSION argument <min> value.  Or, use the <min>...<max> syntax
  to tell CMake that the project requires at least <min> but has been updated
  to work with policies introduced by <max> or earlier.
Call Stack (most recent call first):
  C:/Users/K.Lourenco/source/repos/CMake_Ninja/out/build/x86-debug/vcpkg_installed/vcpkg/blds/libogg/x86-windows-dbg/CMakeFiles/3.31.2/CMakeSystem.cmake:6 (include)
  C:/Users/K.Lourenco/source/repos/CMake_Ninja/out/build/x86-debug/vcpkg_installed/vcpkg/blds/libogg/x86-windows-dbg/CMakeFiles/CMakeScratch/TryCompile-sdm11a/CMakeLists.txt:7 (project)


-- Check size of uint32_t - done
-- Check size of u_int32_t
CMake Deprecation Warning at C:/Program Files/Microsoft Visual Studio/2022/Community/VC/vcpkg/scripts/buildsystems/vcpkg.cmake:40 (cmake_policy):
  Compatibility with CMake < 3.10 will be removed from a future version of
  CMake.

  Update the VERSION argument <min> value.  Or, use the <min>...<max> syntax
  to tell CMake that the project requires at least <min> but has been updated
  to work with policies introduced by <max> or earlier.
Call Stack (most recent call first):
  C:/Users/K.Lourenco/source/repos/CMake_Ninja/out/build/x86-debug/vcpkg_installed/vcpkg/blds/libogg/x86-windows-dbg/CMakeFiles/3.31.2/CMakeSystem.cmake:6 (include)
  C:/Users/K.Lourenco/source/repos/CMake_Ninja/out/build/x86-debug/vcpkg_installed/vcpkg/blds/libogg/x86-windows-dbg/CMakeFiles/CMakeScratch/TryCompile-8gvx8x/CMakeLists.txt:7 (project)


CMake Deprecation Warning at C:/Program Files/Microsoft Visual Studio/2022/Community/VC/vcpkg/scripts/buildsystems/vcpkg.cmake:878 (cmake_policy):
  Compatibility with CMake < 3.10 will be removed from a future version of
  CMake.

  Update the VERSION argument <min> value.  Or, use the <min>...<max> syntax
  to tell CMake that the project requires at least <min> but has been updated
  to work with policies introduced by <max> or earlier.
Call Stack (most recent call first):
  C:/Users/K.Lourenco/source/repos/CMake_Ninja/out/build/x86-debug/vcpkg_installed/vcpkg/blds/libogg/x86-windows-dbg/CMakeFiles/3.31.2/CMakeSystem.cmake:6 (include)
  C:/Users/K.Lourenco/source/repos/CMake_Ninja/out/build/x86-debug/vcpkg_installed/vcpkg/blds/libogg/x86-windows-dbg/CMakeFiles/CMakeScratch/TryCompile-8gvx8x/CMakeLists.txt:7 (project)


-- Check size of u_int32_t - failed
-- Check size of int64_t
CMake Deprecation Warning at C:/Program Files/Microsoft Visual Studio/2022/Community/VC/vcpkg/scripts/buildsystems/vcpkg.cmake:40 (cmake_policy):
  Compatibility with CMake < 3.10 will be removed from a future version of
  CMake.

  Update the VERSION argument <min> value.  Or, use the <min>...<max> syntax
  to tell CMake that the project requires at least <min> but has been updated
  to work with policies introduced by <max> or earlier.
Call Stack (most recent call first):
  C:/Users/K.Lourenco/source/repos/CMake_Ninja/out/build/x86-debug/vcpkg_installed/vcpkg/blds/libogg/x86-windows-dbg/CMakeFiles/3.31.2/CMakeSystem.cmake:6 (include)
  C:/Users/K.Lourenco/source/repos/CMake_Ninja/out/build/x86-debug/vcpkg_installed/vcpkg/blds/libogg/x86-windows-dbg/CMakeFiles/CMakeScratch/TryCompile-n2ukau/CMakeLists.txt:7 (project)


CMake Deprecation Warning at C:/Program Files/Microsoft Visual Studio/2022/Community/VC/vcpkg/scripts/buildsystems/vcpkg.cmake:878 (cmake_policy):
  Compatibility with CMake < 3.10 will be removed from a future version of
  CMake.

  Update the VERSION argument <min> value.  Or, use the <min>...<max> syntax
  to tell CMake that the project requires at least <min> but has been updated
  to work with policies introduced by <max> or earlier.
Call Stack (most recent call first):
  C:/Users/K.Lourenco/source/repos/CMake_Ninja/out/build/x86-debug/vcpkg_installed/vcpkg/blds/libogg/x86-windows-dbg/CMakeFiles/3.31.2/CMakeSystem.cmake:6 (include)
  C:/Users/K.Lourenco/source/repos/CMake_Ninja/out/build/x86-debug/vcpkg_installed/vcpkg/blds/libogg/x86-windows-dbg/CMakeFiles/CMakeScratch/TryCompile-n2ukau/CMakeLists.txt:7 (project)


-- Check size of int64_t - done
-- Check size of short
CMake Deprecation Warning at C:/Program Files/Microsoft Visual Studio/2022/Community/VC/vcpkg/scripts/buildsystems/vcpkg.cmake:40 (cmake_policy):
  Compatibility with CMake < 3.10 will be removed from a future version of
  CMake.

  Update the VERSION argument <min> value.  Or, use the <min>...<max> syntax
  to tell CMake that the project requires at least <min> but has been updated
  to work with policies introduced by <max> or earlier.
Call Stack (most recent call first):
  C:/Users/K.Lourenco/source/repos/CMake_Ninja/out/build/x86-debug/vcpkg_installed/vcpkg/blds/libogg/x86-windows-dbg/CMakeFiles/3.31.2/CMakeSystem.cmake:6 (include)
  C:/Users/K.Lourenco/source/repos/CMake_Ninja/out/build/x86-debug/vcpkg_installed/vcpkg/blds/libogg/x86-windows-dbg/CMakeFiles/CMakeScratch/TryCompile-ghjrdz/CMakeLists.txt:7 (project)


CMake Deprecation Warning at C:/Program Files/Microsoft Visual Studio/2022/Community/VC/vcpkg/scripts/buildsystems/vcpkg.cmake:878 (cmake_policy):
  Compatibility with CMake < 3.10 will be removed from a future version of
  CMake.

  Update the VERSION argument <min> value.  Or, use the <min>...<max> syntax
  to tell CMake that the project requires at least <min> but has been updated
  to work with policies introduced by <max> or earlier.
Call Stack (most recent call first):
  C:/Users/K.Lourenco/source/repos/CMake_Ninja/out/build/x86-debug/vcpkg_installed/vcpkg/blds/libogg/x86-windows-dbg/CMakeFiles/3.31.2/CMakeSystem.cmake:6 (include)
  C:/Users/K.Lourenco/source/repos/CMake_Ninja/out/build/x86-debug/vcpkg_installed/vcpkg/blds/libogg/x86-windows-dbg/CMakeFiles/CMakeScratch/TryCompile-ghjrdz/CMakeLists.txt:7 (project)


-- Check size of short - done
-- Check size of int
CMake Deprecation Warning at C:/Program Files/Microsoft Visual Studio/2022/Community/VC/vcpkg/scripts/buildsystems/vcpkg.cmake:40 (cmake_policy):
  Compatibility with CMake < 3.10 will be removed from a future version of
  CMake.

  Update the VERSION argument <min> value.  Or, use the <min>...<max> syntax
  to tell CMake that the project requires at least <min> but has been updated
  to work with policies introduced by <max> or earlier.
Call Stack (most recent call first):
  C:/Users/K.Lourenco/source/repos/CMake_Ninja/out/build/x86-debug/vcpkg_installed/vcpkg/blds/libogg/x86-windows-dbg/CMakeFiles/3.31.2/CMakeSystem.cmake:6 (include)
  C:/Users/K.Lourenco/source/repos/CMake_Ninja/out/build/x86-debug/vcpkg_installed/vcpkg/blds/libogg/x86-windows-dbg/CMakeFiles/CMakeScratch/TryCompile-33rc5z/CMakeLists.txt:7 (project)


CMake Deprecation Warning at C:/Program Files/Microsoft Visual Studio/2022/Community/VC/vcpkg/scripts/buildsystems/vcpkg.cmake:878 (cmake_policy):
  Compatibility with CMake < 3.10 will be removed from a future version of
  CMake.

  Update the VERSION argument <min> value.  Or, use the <min>...<max> syntax
  to tell CMake that the project requires at least <min> but has been updated
  to work with policies introduced by <max> or earlier.
Call Stack (most recent call first):
  C:/Users/K.Lourenco/source/repos/CMake_Ninja/out/build/x86-debug/vcpkg_installed/vcpkg/blds/libogg/x86-windows-dbg/CMakeFiles/3.31.2/CMakeSystem.cmake:6 (include)
  C:/Users/K.Lourenco/source/repos/CMake_Ninja/out/build/x86-debug/vcpkg_installed/vcpkg/blds/libogg/x86-windows-dbg/CMakeFiles/CMakeScratch/TryCompile-33rc5z/CMakeLists.txt:7 (project)


-- Check size of int - done
-- Check size of long
CMake Deprecation Warning at C:/Program Files/Microsoft Visual Studio/2022/Community/VC/vcpkg/scripts/buildsystems/vcpkg.cmake:40 (cmake_policy):
  Compatibility with CMake < 3.10 will be removed from a future version of
  CMake.

  Update the VERSION argument <min> value.  Or, use the <min>...<max> syntax
  to tell CMake that the project requires at least <min> but has been updated
  to work with policies introduced by <max> or earlier.
Call Stack (most recent call first):
  C:/Users/K.Lourenco/source/repos/CMake_Ninja/out/build/x86-debug/vcpkg_installed/vcpkg/blds/libogg/x86-windows-dbg/CMakeFiles/3.31.2/CMakeSystem.cmake:6 (include)
  C:/Users/K.Lourenco/source/repos/CMake_Ninja/out/build/x86-debug/vcpkg_installed/vcpkg/blds/libogg/x86-windows-dbg/CMakeFiles/CMakeScratch/TryCompile-sygryt/CMakeLists.txt:7 (project)


CMake Deprecation Warning at C:/Program Files/Microsoft Visual Studio/2022/Community/VC/vcpkg/scripts/buildsystems/vcpkg.cmake:878 (cmake_policy):
  Compatibility with CMake < 3.10 will be removed from a future version of
  CMake.

  Update the VERSION argument <min> value.  Or, use the <min>...<max> syntax
  to tell CMake that the project requires at least <min> but has been updated
  to work with policies introduced by <max> or earlier.
Call Stack (most recent call first):
  C:/Users/K.Lourenco/source/repos/CMake_Ninja/out/build/x86-debug/vcpkg_installed/vcpkg/blds/libogg/x86-windows-dbg/CMakeFiles/3.31.2/CMakeSystem.cmake:6 (include)
  C:/Users/K.Lourenco/source/repos/CMake_Ninja/out/build/x86-debug/vcpkg_installed/vcpkg/blds/libogg/x86-windows-dbg/CMakeFiles/CMakeScratch/TryCompile-sygryt/CMakeLists.txt:7 (project)


-- Check size of long - done
-- Check size of long long
CMake Deprecation Warning at C:/Program Files/Microsoft Visual Studio/2022/Community/VC/vcpkg/scripts/buildsystems/vcpkg.cmake:40 (cmake_policy):
  Compatibility with CMake < 3.10 will be removed from a future version of
  CMake.

  Update the VERSION argument <min> value.  Or, use the <min>...<max> syntax
  to tell CMake that the project requires at least <min> but has been updated
  to work with policies introduced by <max> or earlier.
Call Stack (most recent call first):
  C:/Users/K.Lourenco/source/repos/CMake_Ninja/out/build/x86-debug/vcpkg_installed/vcpkg/blds/libogg/x86-windows-dbg/CMakeFiles/3.31.2/CMakeSystem.cmake:6 (include)
  C:/Users/K.Lourenco/source/repos/CMake_Ninja/out/build/x86-debug/vcpkg_installed/vcpkg/blds/libogg/x86-windows-dbg/CMakeFiles/CMakeScratch/TryCompile-8vvy2d/CMakeLists.txt:7 (project)


CMake Deprecation Warning at C:/Program Files/Microsoft Visual Studio/2022/Community/VC/vcpkg/scripts/buildsystems/vcpkg.cmake:878 (cmake_policy):
  Compatibility with CMake < 3.10 will be removed from a future version of
  CMake.

  Update the VERSION argument <min> value.  Or, use the <min>...<max> syntax
  to tell CMake that the project requires at least <min> but has been updated
  to work with policies introduced by <max> or earlier.
Call Stack (most recent call first):
  C:/Users/K.Lourenco/source/repos/CMake_Ninja/out/build/x86-debug/vcpkg_installed/vcpkg/blds/libogg/x86-windows-dbg/CMakeFiles/3.31.2/CMakeSystem.cmake:6 (include)
  C:/Users/K.Lourenco/source/repos/CMake_Ninja/out/build/x86-debug/vcpkg_installed/vcpkg/blds/libogg/x86-windows-dbg/CMakeFiles/CMakeScratch/TryCompile-8vvy2d/CMakeLists.txt:7 (project)


-- Check size of long long - done
-- Configuring done (5.6s)
-- Generating done (0.0s)
CMake Warning:
  Manually-specified variables were not used by the project:

    FETCHCONTENT_FULLY_DISCONNECTED
    _VCPKG_ROOT_DIR


-- Build files have been written to: C:/Users/K.Lourenco/source/repos/CMake_Ninja/out/build/x86-debug/vcpkg_installed/vcpkg/blds/libogg/x86-windows-dbg
[2/2] "C:/Program Files/CMake/bin/cmake.exe" -E chdir ".." "C:/Program Files/CMake/bin/cmake.exe" "C:/Users/K.Lourenco/source/repos/CMake_Ninja/out/build/x86-debug/vcpkg_installed/vcpkg/blds/libogg/src/v1.3.5-1a4243fef9.clean" "-G" "Ninja" "-DCMAKE_BUILD_TYPE=Release" "-DCMAKE_INSTALL_PREFIX=C:/Users/K.Lourenco/source/repos/CMake_Ninja/out/build/x86-debug/vcpkg_installed/vcpkg/pkgs/libogg_x86-windows" "-DFETCHCONTENT_FULLY_DISCONNECTED=ON" "-DINSTALL_DOCS=OFF" "-DINSTALL_PKG_CONFIG_MODULE=ON" "-DBUILD_TESTING=OFF" "-DCMAKE_MAKE_PROGRAM=C:/Program Files/Microsoft Visual Studio/2022/Community/Common7/IDE/CommonExtensions/Microsoft/CMake/Ninja/ninja.exe" "-DBUILD_SHARED_LIBS=ON" "-DVCPKG_CHAINLOAD_TOOLCHAIN_FILE=C:/Program Files/Microsoft Visual Studio/2022/Community/VC/vcpkg/scripts/toolchains/windows.cmake" "-DVCPKG_TARGET_TRIPLET=x86-windows" "-DVCPKG_SET_CHARSET_FLAG=ON" "-DVCPKG_PLATFORM_TOOLSET=v143" "-DCMAKE_EXPORT_NO_PACKAGE_REGISTRY=ON" "-DCMAKE_FIND_PACKAGE_NO_PACKAGE_REGISTRY=ON" "-DCMAKE_FIND_PACKAGE_NO_SYSTEM_PACKAGE_REGISTRY=ON" "-DCMAKE_INSTALL_SYSTEM_RUNTIME_LIBS_SKIP=TRUE" "-DCMAKE_VERBOSE_MAKEFILE=ON" "-DVCPKG_APPLOCAL_DEPS=OFF" "-DCMAKE_TOOLCHAIN_FILE=C:/Program Files/Microsoft Visual Studio/2022/Community/VC/vcpkg/scripts/buildsystems/vcpkg.cmake" "-DCMAKE_ERROR_ON_ABSOLUTE_INSTALL_DESTINATION=ON" "-DVCPKG_CXX_FLAGS=" "-DVCPKG_CXX_FLAGS_RELEASE=" "-DVCPKG_CXX_FLAGS_DEBUG=" "-DVCPKG_C_FLAGS=" "-DVCPKG_C_FLAGS_RELEASE=" "-DVCPKG_C_FLAGS_DEBUG=" "-DVCPKG_CRT_LINKAGE=dynamic" "-DVCPKG_LINKER_FLAGS=" "-DVCPKG_LINKER_FLAGS_RELEASE=" "-DVCPKG_LINKER_FLAGS_DEBUG=" "-DVCPKG_TARGET_ARCHITECTURE=x86" "-DCMAKE_INSTALL_LIBDIR:STRING=lib" "-DCMAKE_INSTALL_BINDIR:STRING=bin" "-D_VCPKG_ROOT_DIR=C:/Program Files/Microsoft Visual Studio/2022/Community/VC/vcpkg" "-D_VCPKG_INSTALLED_DIR=C:/Users/K.Lourenco/source/repos/CMake_Ninja/out/build/x86-debug/vcpkg_installed" "-DVCPKG_MANIFEST_INSTALL=OFF"
CMake Deprecation Warning at CMakeLists.txt:1 (cmake_minimum_required):
  Compatibility with CMake < 3.10 will be removed from a future version of
  CMake.

  Update the VERSION argument <min> value.  Or, use the <min>...<max> syntax
  to tell CMake that the project requires at least <min> but has been updated
  to work with policies introduced by <max> or earlier.


CMake Deprecation Warning at C:/Program Files/Microsoft Visual Studio/2022/Community/VC/vcpkg/scripts/buildsystems/vcpkg.cmake:40 (cmake_policy):
  Compatibility with CMake < 3.10 will be removed from a future version of
  CMake.

  Update the VERSION argument <min> value.  Or, use the <min>...<max> syntax
  to tell CMake that the project requires at least <min> but has been updated
  to work with policies introduced by <max> or earlier.
Call Stack (most recent call first):
  C:/Program Files/CMake/share/cmake-3.31/Modules/CMakeDetermineSystem.cmake:146 (include)
  CMakeLists.txt:2 (project)


CMake Deprecation Warning at C:/Program Files/Microsoft Visual Studio/2022/Community/VC/vcpkg/scripts/buildsystems/vcpkg.cmake:878 (cmake_policy):
  Compatibility with CMake < 3.10 will be removed from a future version of
  CMake.

  Update the VERSION argument <min> value.  Or, use the <min>...<max> syntax
  to tell CMake that the project requires at least <min> but has been updated
  to work with policies introduced by <max> or earlier.
Call Stack (most recent call first):
  C:/Program Files/CMake/share/cmake-3.31/Modules/CMakeDetermineSystem.cmake:146 (include)
  CMakeLists.txt:2 (project)


CMake Deprecation Warning at C:/Program Files/Microsoft Visual Studio/2022/Community/VC/vcpkg/scripts/buildsystems/vcpkg.cmake:40 (cmake_policy):
  Compatibility with CMake < 3.10 will be removed from a future version of
  CMake.

  Update the VERSION argument <min> value.  Or, use the <min>...<max> syntax
  to tell CMake that the project requires at least <min> but has been updated
  to work with policies introduced by <max> or earlier.
Call Stack (most recent call first):
  C:/Users/K.Lourenco/source/repos/CMake_Ninja/out/build/x86-debug/vcpkg_installed/vcpkg/blds/libogg/x86-windows-rel/CMakeFiles/3.31.2/CMakeSystem.cmake:6 (include)
  CMakeLists.txt:2 (project)


-- The C compiler identification is MSVC 19.42.34433.0
-- The CXX compiler identification is MSVC 19.42.34433.0
-- Detecting C compiler ABI info
CMake Deprecation Warning at C:/Program Files/Microsoft Visual Studio/2022/Community/VC/vcpkg/scripts/buildsystems/vcpkg.cmake:40 (cmake_policy):
  Compatibility with CMake < 3.10 will be removed from a future version of
  CMake.

  Update the VERSION argument <min> value.  Or, use the <min>...<max> syntax
  to tell CMake that the project requires at least <min> but has been updated
  to work with policies introduced by <max> or earlier.
Call Stack (most recent call first):
  C:/Users/K.Lourenco/source/repos/CMake_Ninja/out/build/x86-debug/vcpkg_installed/vcpkg/blds/libogg/x86-windows-rel/CMakeFiles/3.31.2/CMakeSystem.cmake:6 (include)
  C:/Users/K.Lourenco/source/repos/CMake_Ninja/out/build/x86-debug/vcpkg_installed/vcpkg/blds/libogg/x86-windows-rel/CMakeFiles/CMakeScratch/TryCompile-ioer5b/CMakeLists.txt:6 (project)


CMake Deprecation Warning at C:/Program Files/Microsoft Visual Studio/2022/Community/VC/vcpkg/scripts/buildsystems/vcpkg.cmake:878 (cmake_policy):
  Compatibility with CMake < 3.10 will be removed from a future version of
  CMake.

  Update the VERSION argument <min> value.  Or, use the <min>...<max> syntax
  to tell CMake that the project requires at least <min> but has been updated
  to work with policies introduced by <max> or earlier.
Call Stack (most recent call first):
  C:/Users/K.Lourenco/source/repos/CMake_Ninja/out/build/x86-debug/vcpkg_installed/vcpkg/blds/libogg/x86-windows-rel/CMakeFiles/3.31.2/CMakeSystem.cmake:6 (include)
  C:/Users/K.Lourenco/source/repos/CMake_Ninja/out/build/x86-debug/vcpkg_installed/vcpkg/blds/libogg/x86-windows-rel/CMakeFiles/CMakeScratch/TryCompile-ioer5b/CMakeLists.txt:6 (project)


-- Detecting C compiler ABI info - done
-- Check for working C compiler: C:/Program Files/Microsoft Visual Studio/2022/Community/VC/Tools/MSVC/14.42.34433/bin/Hostx64/x86/cl.exe - skipped
-- Detecting C compile features
-- Detecting C compile features - done
-- Detecting CXX compiler ABI info
CMake Deprecation Warning at C:/Program Files/Microsoft Visual Studio/2022/Community/VC/vcpkg/scripts/buildsystems/vcpkg.cmake:40 (cmake_policy):
  Compatibility with CMake < 3.10 will be removed from a future version of
  CMake.

  Update the VERSION argument <min> value.  Or, use the <min>...<max> syntax
  to tell CMake that the project requires at least <min> but has been updated
  to work with policies introduced by <max> or earlier.
Call Stack (most recent call first):
  C:/Users/K.Lourenco/source/repos/CMake_Ninja/out/build/x86-debug/vcpkg_installed/vcpkg/blds/libogg/x86-windows-rel/CMakeFiles/3.31.2/CMakeSystem.cmake:6 (include)
  C:/Users/K.Lourenco/source/repos/CMake_Ninja/out/build/x86-debug/vcpkg_installed/vcpkg/blds/libogg/x86-windows-rel/CMakeFiles/CMakeScratch/TryCompile-bua2d4/CMakeLists.txt:6 (project)


CMake Deprecation Warning at C:/Program Files/Microsoft Visual Studio/2022/Community/VC/vcpkg/scripts/buildsystems/vcpkg.cmake:878 (cmake_policy):
  Compatibility with CMake < 3.10 will be removed from a future version of
  CMake.

  Update the VERSION argument <min> value.  Or, use the <min>...<max> syntax
  to tell CMake that the project requires at least <min> but has been updated
  to work with policies introduced by <max> or earlier.
Call Stack (most recent call first):
  C:/Users/K.Lourenco/source/repos/CMake_Ninja/out/build/x86-debug/vcpkg_installed/vcpkg/blds/libogg/x86-windows-rel/CMakeFiles/3.31.2/CMakeSystem.cmake:6 (include)
  C:/Users/K.Lourenco/source/repos/CMake_Ninja/out/build/x86-debug/vcpkg_installed/vcpkg/blds/libogg/x86-windows-rel/CMakeFiles/CMakeScratch/TryCompile-bua2d4/CMakeLists.txt:6 (project)


-- Detecting CXX compiler ABI info - done
-- Check for working CXX compiler: C:/Program Files/Microsoft Visual Studio/2022/Community/VC/Tools/MSVC/14.42.34433/bin/Hostx64/x86/cl.exe - skipped
-- Detecting CXX compile features
-- Detecting CXX compile features - done
-- Configuring libogg 1.3.5
-- Looking for include file inttypes.h
CMake Deprecation Warning at C:/Program Files/Microsoft Visual Studio/2022/Community/VC/vcpkg/scripts/buildsystems/vcpkg.cmake:40 (cmake_policy):
  Compatibility with CMake < 3.10 will be removed from a future version of
  CMake.

  Update the VERSION argument <min> value.  Or, use the <min>...<max> syntax
  to tell CMake that the project requires at least <min> but has been updated
  to work with policies introduced by <max> or earlier.
Call Stack (most recent call first):
  C:/Users/K.Lourenco/source/repos/CMake_Ninja/out/build/x86-debug/vcpkg_installed/vcpkg/blds/libogg/x86-windows-rel/CMakeFiles/3.31.2/CMakeSystem.cmake:6 (include)
  C:/Users/K.Lourenco/source/repos/CMake_Ninja/out/build/x86-debug/vcpkg_installed/vcpkg/blds/libogg/x86-windows-rel/CMakeFiles/CMakeScratch/TryCompile-dla68p/CMakeLists.txt:6 (project)


CMake Deprecation Warning at C:/Program Files/Microsoft Visual Studio/2022/Community/VC/vcpkg/scripts/buildsystems/vcpkg.cmake:878 (cmake_policy):
  Compatibility with CMake < 3.10 will be removed from a future version of
  CMake.

  Update the VERSION argument <min> value.  Or, use the <min>...<max> syntax
  to tell CMake that the project requires at least <min> but has been updated
  to work with policies introduced by <max> or earlier.
Call Stack (most recent call first):
  C:/Users/K.Lourenco/source/repos/CMake_Ninja/out/build/x86-debug/vcpkg_installed/vcpkg/blds/libogg/x86-windows-rel/CMakeFiles/3.31.2/CMakeSystem.cmake:6 (include)
  C:/Users/K.Lourenco/source/repos/CMake_Ninja/out/build/x86-debug/vcpkg_installed/vcpkg/blds/libogg/x86-windows-rel/CMakeFiles/CMakeScratch/TryCompile-dla68p/CMakeLists.txt:6 (project)


-- Looking for include file inttypes.h - found
-- Looking for include file stdint.h
CMake Deprecation Warning at C:/Program Files/Microsoft Visual Studio/2022/Community/VC/vcpkg/scripts/buildsystems/vcpkg.cmake:40 (cmake_policy):
  Compatibility with CMake < 3.10 will be removed from a future version of
  CMake.

  Update the VERSION argument <min> value.  Or, use the <min>...<max> syntax
  to tell CMake that the project requires at least <min> but has been updated
  to work with policies introduced by <max> or earlier.
Call Stack (most recent call first):
  C:/Users/K.Lourenco/source/repos/CMake_Ninja/out/build/x86-debug/vcpkg_installed/vcpkg/blds/libogg/x86-windows-rel/CMakeFiles/3.31.2/CMakeSystem.cmake:6 (include)
  C:/Users/K.Lourenco/source/repos/CMake_Ninja/out/build/x86-debug/vcpkg_installed/vcpkg/blds/libogg/x86-windows-rel/CMakeFiles/CMakeScratch/TryCompile-7netgj/CMakeLists.txt:6 (project)


CMake Deprecation Warning at C:/Program Files/Microsoft Visual Studio/2022/Community/VC/vcpkg/scripts/buildsystems/vcpkg.cmake:878 (cmake_policy):
  Compatibility with CMake < 3.10 will be removed from a future version of
  CMake.

  Update the VERSION argument <min> value.  Or, use the <min>...<max> syntax
  to tell CMake that the project requires at least <min> but has been updated
  to work with policies introduced by <max> or earlier.
Call Stack (most recent call first):
  C:/Users/K.Lourenco/source/repos/CMake_Ninja/out/build/x86-debug/vcpkg_installed/vcpkg/blds/libogg/x86-windows-rel/CMakeFiles/3.31.2/CMakeSystem.cmake:6 (include)
  C:/Users/K.Lourenco/source/repos/CMake_Ninja/out/build/x86-debug/vcpkg_installed/vcpkg/blds/libogg/x86-windows-rel/CMakeFiles/CMakeScratch/TryCompile-7netgj/CMakeLists.txt:6 (project)


-- Looking for include file stdint.h - found
-- Looking for include file sys/types.h
CMake Deprecation Warning at C:/Program Files/Microsoft Visual Studio/2022/Community/VC/vcpkg/scripts/buildsystems/vcpkg.cmake:40 (cmake_policy):
  Compatibility with CMake < 3.10 will be removed from a future version of
  CMake.

  Update the VERSION argument <min> value.  Or, use the <min>...<max> syntax
  to tell CMake that the project requires at least <min> but has been updated
  to work with policies introduced by <max> or earlier.
Call Stack (most recent call first):
  C:/Users/K.Lourenco/source/repos/CMake_Ninja/out/build/x86-debug/vcpkg_installed/vcpkg/blds/libogg/x86-windows-rel/CMakeFiles/3.31.2/CMakeSystem.cmake:6 (include)
  C:/Users/K.Lourenco/source/repos/CMake_Ninja/out/build/x86-debug/vcpkg_installed/vcpkg/blds/libogg/x86-windows-rel/CMakeFiles/CMakeScratch/TryCompile-533vi1/CMakeLists.txt:6 (project)


CMake Deprecation Warning at C:/Program Files/Microsoft Visual Studio/2022/Community/VC/vcpkg/scripts/buildsystems/vcpkg.cmake:878 (cmake_policy):
  Compatibility with CMake < 3.10 will be removed from a future version of
  CMake.

  Update the VERSION argument <min> value.  Or, use the <min>...<max> syntax
  to tell CMake that the project requires at least <min> but has been updated
  to work with policies introduced by <max> or earlier.
Call Stack (most recent call first):
  C:/Users/K.Lourenco/source/repos/CMake_Ninja/out/build/x86-debug/vcpkg_installed/vcpkg/blds/libogg/x86-windows-rel/CMakeFiles/3.31.2/CMakeSystem.cmake:6 (include)
  C:/Users/K.Lourenco/source/repos/CMake_Ninja/out/build/x86-debug/vcpkg_installed/vcpkg/blds/libogg/x86-windows-rel/CMakeFiles/CMakeScratch/TryCompile-533vi1/CMakeLists.txt:6 (project)


-- Looking for include file sys/types.h - found
-- Looking for sys/types.h
CMake Deprecation Warning at C:/Program Files/Microsoft Visual Studio/2022/Community/VC/vcpkg/scripts/buildsystems/vcpkg.cmake:40 (cmake_policy):
  Compatibility with CMake < 3.10 will be removed from a future version of
  CMake.

  Update the VERSION argument <min> value.  Or, use the <min>...<max> syntax
  to tell CMake that the project requires at least <min> but has been updated
  to work with policies introduced by <max> or earlier.
Call Stack (most recent call first):
  C:/Users/K.Lourenco/source/repos/CMake_Ninja/out/build/x86-debug/vcpkg_installed/vcpkg/blds/libogg/x86-windows-rel/CMakeFiles/3.31.2/CMakeSystem.cmake:6 (include)
  C:/Users/K.Lourenco/source/repos/CMake_Ninja/out/build/x86-debug/vcpkg_installed/vcpkg/blds/libogg/x86-windows-rel/CMakeFiles/CMakeScratch/TryCompile-3flch3/CMakeLists.txt:7 (project)


CMake Deprecation Warning at C:/Program Files/Microsoft Visual Studio/2022/Community/VC/vcpkg/scripts/buildsystems/vcpkg.cmake:878 (cmake_policy):
  Compatibility with CMake < 3.10 will be removed from a future version of
  CMake.

  Update the VERSION argument <min> value.  Or, use the <min>...<max> syntax
  to tell CMake that the project requires at least <min> but has been updated
  to work with policies introduced by <max> or earlier.
Call Stack (most recent call first):
  C:/Users/K.Lourenco/source/repos/CMake_Ninja/out/build/x86-debug/vcpkg_installed/vcpkg/blds/libogg/x86-windows-rel/CMakeFiles/3.31.2/CMakeSystem.cmake:6 (include)
  C:/Users/K.Lourenco/source/repos/CMake_Ninja/out/build/x86-debug/vcpkg_installed/vcpkg/blds/libogg/x86-windows-rel/CMakeFiles/CMakeScratch/TryCompile-3flch3/CMakeLists.txt:7 (project)


-- Looking for sys/types.h - found
-- Looking for stdint.h
CMake Deprecation Warning at C:/Program Files/Microsoft Visual Studio/2022/Community/VC/vcpkg/scripts/buildsystems/vcpkg.cmake:40 (cmake_policy):
  Compatibility with CMake < 3.10 will be removed from a future version of
  CMake.

  Update the VERSION argument <min> value.  Or, use the <min>...<max> syntax
  to tell CMake that the project requires at least <min> but has been updated
  to work with policies introduced by <max> or earlier.
Call Stack (most recent call first):
  C:/Users/K.Lourenco/source/repos/CMake_Ninja/out/build/x86-debug/vcpkg_installed/vcpkg/blds/libogg/x86-windows-rel/CMakeFiles/3.31.2/CMakeSystem.cmake:6 (include)
  C:/Users/K.Lourenco/source/repos/CMake_Ninja/out/build/x86-debug/vcpkg_installed/vcpkg/blds/libogg/x86-windows-rel/CMakeFiles/CMakeScratch/TryCompile-3kltj2/CMakeLists.txt:7 (project)


CMake Deprecation Warning at C:/Program Files/Microsoft Visual Studio/2022/Community/VC/vcpkg/scripts/buildsystems/vcpkg.cmake:878 (cmake_policy):
  Compatibility with CMake < 3.10 will be removed from a future version of
  CMake.

  Update the VERSION argument <min> value.  Or, use the <min>...<max> syntax
  to tell CMake that the project requires at least <min> but has been updated
  to work with policies introduced by <max> or earlier.
Call Stack (most recent call first):
  C:/Users/K.Lourenco/source/repos/CMake_Ninja/out/build/x86-debug/vcpkg_installed/vcpkg/blds/libogg/x86-windows-rel/CMakeFiles/3.31.2/CMakeSystem.cmake:6 (include)
  C:/Users/K.Lourenco/source/repos/CMake_Ninja/out/build/x86-debug/vcpkg_installed/vcpkg/blds/libogg/x86-windows-rel/CMakeFiles/CMakeScratch/TryCompile-3kltj2/CMakeLists.txt:7 (project)


-- Looking for stdint.h - found
-- Looking for stddef.h
CMake Deprecation Warning at C:/Program Files/Microsoft Visual Studio/2022/Community/VC/vcpkg/scripts/buildsystems/vcpkg.cmake:40 (cmake_policy):
  Compatibility with CMake < 3.10 will be removed from a future version of
  CMake.

  Update the VERSION argument <min> value.  Or, use the <min>...<max> syntax
  to tell CMake that the project requires at least <min> but has been updated
  to work with policies introduced by <max> or earlier.
Call Stack (most recent call first):
  C:/Users/K.Lourenco/source/repos/CMake_Ninja/out/build/x86-debug/vcpkg_installed/vcpkg/blds/libogg/x86-windows-rel/CMakeFiles/3.31.2/CMakeSystem.cmake:6 (include)
  C:/Users/K.Lourenco/source/repos/CMake_Ninja/out/build/x86-debug/vcpkg_installed/vcpkg/blds/libogg/x86-windows-rel/CMakeFiles/CMakeScratch/TryCompile-pj4vyb/CMakeLists.txt:7 (project)


CMake Deprecation Warning at C:/Program Files/Microsoft Visual Studio/2022/Community/VC/vcpkg/scripts/buildsystems/vcpkg.cmake:878 (cmake_policy):
  Compatibility with CMake < 3.10 will be removed from a future version of
  CMake.

  Update the VERSION argument <min> value.  Or, use the <min>...<max> syntax
  to tell CMake that the project requires at least <min> but has been updated
  to work with policies introduced by <max> or earlier.
Call Stack (most recent call first):
  C:/Users/K.Lourenco/source/repos/CMake_Ninja/out/build/x86-debug/vcpkg_installed/vcpkg/blds/libogg/x86-windows-rel/CMakeFiles/3.31.2/CMakeSystem.cmake:6 (include)
  C:/Users/K.Lourenco/source/repos/CMake_Ninja/out/build/x86-debug/vcpkg_installed/vcpkg/blds/libogg/x86-windows-rel/CMakeFiles/CMakeScratch/TryCompile-pj4vyb/CMakeLists.txt:7 (project)


-- Looking for stddef.h - found
-- Check size of int16_t
CMake Deprecation Warning at C:/Program Files/Microsoft Visual Studio/2022/Community/VC/vcpkg/scripts/buildsystems/vcpkg.cmake:40 (cmake_policy):
  Compatibility with CMake < 3.10 will be removed from a future version of
  CMake.

  Update the VERSION argument <min> value.  Or, use the <min>...<max> syntax
  to tell CMake that the project requires at least <min> but has been updated
  to work with policies introduced by <max> or earlier.
Call Stack (most recent call first):
  C:/Users/K.Lourenco/source/repos/CMake_Ninja/out/build/x86-debug/vcpkg_installed/vcpkg/blds/libogg/x86-windows-rel/CMakeFiles/3.31.2/CMakeSystem.cmake:6 (include)
  C:/Users/K.Lourenco/source/repos/CMake_Ninja/out/build/x86-debug/vcpkg_installed/vcpkg/blds/libogg/x86-windows-rel/CMakeFiles/CMakeScratch/TryCompile-u30i5f/CMakeLists.txt:7 (project)


CMake Deprecation Warning at C:/Program Files/Microsoft Visual Studio/2022/Community/VC/vcpkg/scripts/buildsystems/vcpkg.cmake:878 (cmake_policy):
  Compatibility with CMake < 3.10 will be removed from a future version of
  CMake.

  Update the VERSION argument <min> value.  Or, use the <min>...<max> syntax
  to tell CMake that the project requires at least <min> but has been updated
  to work with policies introduced by <max> or earlier.
Call Stack (most recent call first):
  C:/Users/K.Lourenco/source/repos/CMake_Ninja/out/build/x86-debug/vcpkg_installed/vcpkg/blds/libogg/x86-windows-rel/CMakeFiles/3.31.2/CMakeSystem.cmake:6 (include)
  C:/Users/K.Lourenco/source/repos/CMake_Ninja/out/build/x86-debug/vcpkg_installed/vcpkg/blds/libogg/x86-windows-rel/CMakeFiles/CMakeScratch/TryCompile-u30i5f/CMakeLists.txt:7 (project)


-- Check size of int16_t - done
-- Check size of uint16_t
CMake Deprecation Warning at C:/Program Files/Microsoft Visual Studio/2022/Community/VC/vcpkg/scripts/buildsystems/vcpkg.cmake:40 (cmake_policy):
  Compatibility with CMake < 3.10 will be removed from a future version of
  CMake.

  Update the VERSION argument <min> value.  Or, use the <min>...<max> syntax
  to tell CMake that the project requires at least <min> but has been updated
  to work with policies introduced by <max> or earlier.
Call Stack (most recent call first):
  C:/Users/K.Lourenco/source/repos/CMake_Ninja/out/build/x86-debug/vcpkg_installed/vcpkg/blds/libogg/x86-windows-rel/CMakeFiles/3.31.2/CMakeSystem.cmake:6 (include)
  C:/Users/K.Lourenco/source/repos/CMake_Ninja/out/build/x86-debug/vcpkg_installed/vcpkg/blds/libogg/x86-windows-rel/CMakeFiles/CMakeScratch/TryCompile-o4z3k7/CMakeLists.txt:7 (project)


CMake Deprecation Warning at C:/Program Files/Microsoft Visual Studio/2022/Community/VC/vcpkg/scripts/buildsystems/vcpkg.cmake:878 (cmake_policy):
  Compatibility with CMake < 3.10 will be removed from a future version of
  CMake.

  Update the VERSION argument <min> value.  Or, use the <min>...<max> syntax
  to tell CMake that the project requires at least <min> but has been updated
  to work with policies introduced by <max> or earlier.
Call Stack (most recent call first):
  C:/Users/K.Lourenco/source/repos/CMake_Ninja/out/build/x86-debug/vcpkg_installed/vcpkg/blds/libogg/x86-windows-rel/CMakeFiles/3.31.2/CMakeSystem.cmake:6 (include)
  C:/Users/K.Lourenco/source/repos/CMake_Ninja/out/build/x86-debug/vcpkg_installed/vcpkg/blds/libogg/x86-windows-rel/CMakeFiles/CMakeScratch/TryCompile-o4z3k7/CMakeLists.txt:7 (project)


-- Check size of uint16_t - done
-- Check size of u_int16_t
CMake Deprecation Warning at C:/Program Files/Microsoft Visual Studio/2022/Community/VC/vcpkg/scripts/buildsystems/vcpkg.cmake:40 (cmake_policy):
  Compatibility with CMake < 3.10 will be removed from a future version of
  CMake.

  Update the VERSION argument <min> value.  Or, use the <min>...<max> syntax
  to tell CMake that the project requires at least <min> but has been updated
  to work with policies introduced by <max> or earlier.
Call Stack (most recent call first):
  C:/Users/K.Lourenco/source/repos/CMake_Ninja/out/build/x86-debug/vcpkg_installed/vcpkg/blds/libogg/x86-windows-rel/CMakeFiles/3.31.2/CMakeSystem.cmake:6 (include)
  C:/Users/K.Lourenco/source/repos/CMake_Ninja/out/build/x86-debug/vcpkg_installed/vcpkg/blds/libogg/x86-windows-rel/CMakeFiles/CMakeScratch/TryCompile-9laer1/CMakeLists.txt:7 (project)


CMake Deprecation Warning at C:/Program Files/Microsoft Visual Studio/2022/Community/VC/vcpkg/scripts/buildsystems/vcpkg.cmake:878 (cmake_policy):
  Compatibility with CMake < 3.10 will be removed from a future version of
  CMake.

  Update the VERSION argument <min> value.  Or, use the <min>...<max> syntax
  to tell CMake that the project requires at least <min> but has been updated
  to work with policies introduced by <max> or earlier.
Call Stack (most recent call first):
  C:/Users/K.Lourenco/source/repos/CMake_Ninja/out/build/x86-debug/vcpkg_installed/vcpkg/blds/libogg/x86-windows-rel/CMakeFiles/3.31.2/CMakeSystem.cmake:6 (include)
  C:/Users/K.Lourenco/source/repos/CMake_Ninja/out/build/x86-debug/vcpkg_installed/vcpkg/blds/libogg/x86-windows-rel/CMakeFiles/CMakeScratch/TryCompile-9laer1/CMakeLists.txt:7 (project)


-- Check size of u_int16_t - failed
-- Check size of int32_t
CMake Deprecation Warning at C:/Program Files/Microsoft Visual Studio/2022/Community/VC/vcpkg/scripts/buildsystems/vcpkg.cmake:40 (cmake_policy):
  Compatibility with CMake < 3.10 will be removed from a future version of
  CMake.

  Update the VERSION argument <min> value.  Or, use the <min>...<max> syntax
  to tell CMake that the project requires at least <min> but has been updated
  to work with policies introduced by <max> or earlier.
Call Stack (most recent call first):
  C:/Users/K.Lourenco/source/repos/CMake_Ninja/out/build/x86-debug/vcpkg_installed/vcpkg/blds/libogg/x86-windows-rel/CMakeFiles/3.31.2/CMakeSystem.cmake:6 (include)
  C:/Users/K.Lourenco/source/repos/CMake_Ninja/out/build/x86-debug/vcpkg_installed/vcpkg/blds/libogg/x86-windows-rel/CMakeFiles/CMakeScratch/TryCompile-vn99py/CMakeLists.txt:7 (project)


CMake Deprecation Warning at C:/Program Files/Microsoft Visual Studio/2022/Community/VC/vcpkg/scripts/buildsystems/vcpkg.cmake:878 (cmake_policy):
  Compatibility with CMake < 3.10 will be removed from a future version of
  CMake.

  Update the VERSION argument <min> value.  Or, use the <min>...<max> syntax
  to tell CMake that the project requires at least <min> but has been updated
  to work with policies introduced by <max> or earlier.
Call Stack (most recent call first):
  C:/Users/K.Lourenco/source/repos/CMake_Ninja/out/build/x86-debug/vcpkg_installed/vcpkg/blds/libogg/x86-windows-rel/CMakeFiles/3.31.2/CMakeSystem.cmake:6 (include)
  C:/Users/K.Lourenco/source/repos/CMake_Ninja/out/build/x86-debug/vcpkg_installed/vcpkg/blds/libogg/x86-windows-rel/CMakeFiles/CMakeScratch/TryCompile-vn99py/CMakeLists.txt:7 (project)


-- Check size of int32_t - done
-- Check size of uint32_t
CMake Deprecation Warning at C:/Program Files/Microsoft Visual Studio/2022/Community/VC/vcpkg/scripts/buildsystems/vcpkg.cmake:40 (cmake_policy):
  Compatibility with CMake < 3.10 will be removed from a future version of
  CMake.

  Update the VERSION argument <min> value.  Or, use the <min>...<max> syntax
  to tell CMake that the project requires at least <min> but has been updated
  to work with policies introduced by <max> or earlier.
Call Stack (most recent call first):
  C:/Users/K.Lourenco/source/repos/CMake_Ninja/out/build/x86-debug/vcpkg_installed/vcpkg/blds/libogg/x86-windows-rel/CMakeFiles/3.31.2/CMakeSystem.cmake:6 (include)
  C:/Users/K.Lourenco/source/repos/CMake_Ninja/out/build/x86-debug/vcpkg_installed/vcpkg/blds/libogg/x86-windows-rel/CMakeFiles/CMakeScratch/TryCompile-rh2trh/CMakeLists.txt:7 (project)


CMake Deprecation Warning at C:/Program Files/Microsoft Visual Studio/2022/Community/VC/vcpkg/scripts/buildsystems/vcpkg.cmake:878 (cmake_policy):
  Compatibility with CMake < 3.10 will be removed from a future version of
  CMake.

  Update the VERSION argument <min> value.  Or, use the <min>...<max> syntax
  to tell CMake that the project requires at least <min> but has been updated
  to work with policies introduced by <max> or earlier.
Call Stack (most recent call first):
  C:/Users/K.Lourenco/source/repos/CMake_Ninja/out/build/x86-debug/vcpkg_installed/vcpkg/blds/libogg/x86-windows-rel/CMakeFiles/3.31.2/CMakeSystem.cmake:6 (include)
  C:/Users/K.Lourenco/source/repos/CMake_Ninja/out/build/x86-debug/vcpkg_installed/vcpkg/blds/libogg/x86-windows-rel/CMakeFiles/CMakeScratch/TryCompile-rh2trh/CMakeLists.txt:7 (project)


-- Check size of uint32_t - done
-- Check size of u_int32_t
CMake Deprecation Warning at C:/Program Files/Microsoft Visual Studio/2022/Community/VC/vcpkg/scripts/buildsystems/vcpkg.cmake:40 (cmake_policy):
  Compatibility with CMake < 3.10 will be removed from a future version of
  CMake.

  Update the VERSION argument <min> value.  Or, use the <min>...<max> syntax
  to tell CMake that the project requires at least <min> but has been updated
  to work with policies introduced by <max> or earlier.
Call Stack (most recent call first):
  C:/Users/K.Lourenco/source/repos/CMake_Ninja/out/build/x86-debug/vcpkg_installed/vcpkg/blds/libogg/x86-windows-rel/CMakeFiles/3.31.2/CMakeSystem.cmake:6 (include)
  C:/Users/K.Lourenco/source/repos/CMake_Ninja/out/build/x86-debug/vcpkg_installed/vcpkg/blds/libogg/x86-windows-rel/CMakeFiles/CMakeScratch/TryCompile-fdeyec/CMakeLists.txt:7 (project)


CMake Deprecation Warning at C:/Program Files/Microsoft Visual Studio/2022/Community/VC/vcpkg/scripts/buildsystems/vcpkg.cmake:878 (cmake_policy):
  Compatibility with CMake < 3.10 will be removed from a future version of
  CMake.

  Update the VERSION argument <min> value.  Or, use the <min>...<max> syntax
  to tell CMake that the project requires at least <min> but has been updated
  to work with policies introduced by <max> or earlier.
Call Stack (most recent call first):
  C:/Users/K.Lourenco/source/repos/CMake_Ninja/out/build/x86-debug/vcpkg_installed/vcpkg/blds/libogg/x86-windows-rel/CMakeFiles/3.31.2/CMakeSystem.cmake:6 (include)
  C:/Users/K.Lourenco/source/repos/CMake_Ninja/out/build/x86-debug/vcpkg_installed/vcpkg/blds/libogg/x86-windows-rel/CMakeFiles/CMakeScratch/TryCompile-fdeyec/CMakeLists.txt:7 (project)


-- Check size of u_int32_t - failed
-- Check size of int64_t
CMake Deprecation Warning at C:/Program Files/Microsoft Visual Studio/2022/Community/VC/vcpkg/scripts/buildsystems/vcpkg.cmake:40 (cmake_policy):
  Compatibility with CMake < 3.10 will be removed from a future version of
  CMake.

  Update the VERSION argument <min> value.  Or, use the <min>...<max> syntax
  to tell CMake that the project requires at least <min> but has been updated
  to work with policies introduced by <max> or earlier.
Call Stack (most recent call first):
  C:/Users/K.Lourenco/source/repos/CMake_Ninja/out/build/x86-debug/vcpkg_installed/vcpkg/blds/libogg/x86-windows-rel/CMakeFiles/3.31.2/CMakeSystem.cmake:6 (include)
  C:/Users/K.Lourenco/source/repos/CMake_Ninja/out/build/x86-debug/vcpkg_installed/vcpkg/blds/libogg/x86-windows-rel/CMakeFiles/CMakeScratch/TryCompile-7iu2rg/CMakeLists.txt:7 (project)


CMake Deprecation Warning at C:/Program Files/Microsoft Visual Studio/2022/Community/VC/vcpkg/scripts/buildsystems/vcpkg.cmake:878 (cmake_policy):
  Compatibility with CMake < 3.10 will be removed from a future version of
  CMake.

  Update the VERSION argument <min> value.  Or, use the <min>...<max> syntax
  to tell CMake that the project requires at least <min> but has been updated
  to work with policies introduced by <max> or earlier.
Call Stack (most recent call first):
  C:/Users/K.Lourenco/source/repos/CMake_Ninja/out/build/x86-debug/vcpkg_installed/vcpkg/blds/libogg/x86-windows-rel/CMakeFiles/3.31.2/CMakeSystem.cmake:6 (include)
  C:/Users/K.Lourenco/source/repos/CMake_Ninja/out/build/x86-debug/vcpkg_installed/vcpkg/blds/libogg/x86-windows-rel/CMakeFiles/CMakeScratch/TryCompile-7iu2rg/CMakeLists.txt:7 (project)


-- Check size of int64_t - done
-- Check size of short
CMake Deprecation Warning at C:/Program Files/Microsoft Visual Studio/2022/Community/VC/vcpkg/scripts/buildsystems/vcpkg.cmake:40 (cmake_policy):
  Compatibility with CMake < 3.10 will be removed from a future version of
  CMake.

  Update the VERSION argument <min> value.  Or, use the <min>...<max> syntax
  to tell CMake that the project requires at least <min> but has been updated
  to work with policies introduced by <max> or earlier.
Call Stack (most recent call first):
  C:/Users/K.Lourenco/source/repos/CMake_Ninja/out/build/x86-debug/vcpkg_installed/vcpkg/blds/libogg/x86-windows-rel/CMakeFiles/3.31.2/CMakeSystem.cmake:6 (include)
  C:/Users/K.Lourenco/source/repos/CMake_Ninja/out/build/x86-debug/vcpkg_installed/vcpkg/blds/libogg/x86-windows-rel/CMakeFiles/CMakeScratch/TryCompile-tmsyaq/CMakeLists.txt:7 (project)


CMake Deprecation Warning at C:/Program Files/Microsoft Visual Studio/2022/Community/VC/vcpkg/scripts/buildsystems/vcpkg.cmake:878 (cmake_policy):
  Compatibility with CMake < 3.10 will be removed from a future version of
  CMake.

  Update the VERSION argument <min> value.  Or, use the <min>...<max> syntax
  to tell CMake that the project requires at least <min> but has been updated
  to work with policies introduced by <max> or earlier.
Call Stack (most recent call first):
  C:/Users/K.Lourenco/source/repos/CMake_Ninja/out/build/x86-debug/vcpkg_installed/vcpkg/blds/libogg/x86-windows-rel/CMakeFiles/3.31.2/CMakeSystem.cmake:6 (include)
  C:/Users/K.Lourenco/source/repos/CMake_Ninja/out/build/x86-debug/vcpkg_installed/vcpkg/blds/libogg/x86-windows-rel/CMakeFiles/CMakeScratch/TryCompile-tmsyaq/CMakeLists.txt:7 (project)


-- Check size of short - done
-- Check size of int
CMake Deprecation Warning at C:/Program Files/Microsoft Visual Studio/2022/Community/VC/vcpkg/scripts/buildsystems/vcpkg.cmake:40 (cmake_policy):
  Compatibility with CMake < 3.10 will be removed from a future version of
  CMake.

  Update the VERSION argument <min> value.  Or, use the <min>...<max> syntax
  to tell CMake that the project requires at least <min> but has been updated
  to work with policies introduced by <max> or earlier.
Call Stack (most recent call first):
  C:/Users/K.Lourenco/source/repos/CMake_Ninja/out/build/x86-debug/vcpkg_installed/vcpkg/blds/libogg/x86-windows-rel/CMakeFiles/3.31.2/CMakeSystem.cmake:6 (include)
  C:/Users/K.Lourenco/source/repos/CMake_Ninja/out/build/x86-debug/vcpkg_installed/vcpkg/blds/libogg/x86-windows-rel/CMakeFiles/CMakeScratch/TryCompile-ufrzd0/CMakeLists.txt:7 (project)


CMake Deprecation Warning at C:/Program Files/Microsoft Visual Studio/2022/Community/VC/vcpkg/scripts/buildsystems/vcpkg.cmake:878 (cmake_policy):
  Compatibility with CMake < 3.10 will be removed from a future version of
  CMake.

  Update the VERSION argument <min> value.  Or, use the <min>...<max> syntax
  to tell CMake that the project requires at least <min> but has been updated
  to work with policies introduced by <max> or earlier.
Call Stack (most recent call first):
  C:/Users/K.Lourenco/source/repos/CMake_Ninja/out/build/x86-debug/vcpkg_installed/vcpkg/blds/libogg/x86-windows-rel/CMakeFiles/3.31.2/CMakeSystem.cmake:6 (include)
  C:/Users/K.Lourenco/source/repos/CMake_Ninja/out/build/x86-debug/vcpkg_installed/vcpkg/blds/libogg/x86-windows-rel/CMakeFiles/CMakeScratch/TryCompile-ufrzd0/CMakeLists.txt:7 (project)


-- Check size of int - done
-- Check size of long
CMake Deprecation Warning at C:/Program Files/Microsoft Visual Studio/2022/Community/VC/vcpkg/scripts/buildsystems/vcpkg.cmake:40 (cmake_policy):
  Compatibility with CMake < 3.10 will be removed from a future version of
  CMake.

  Update the VERSION argument <min> value.  Or, use the <min>...<max> syntax
  to tell CMake that the project requires at least <min> but has been updated
  to work with policies introduced by <max> or earlier.
Call Stack (most recent call first):
  C:/Users/K.Lourenco/source/repos/CMake_Ninja/out/build/x86-debug/vcpkg_installed/vcpkg/blds/libogg/x86-windows-rel/CMakeFiles/3.31.2/CMakeSystem.cmake:6 (include)
  C:/Users/K.Lourenco/source/repos/CMake_Ninja/out/build/x86-debug/vcpkg_installed/vcpkg/blds/libogg/x86-windows-rel/CMakeFiles/CMakeScratch/TryCompile-agflru/CMakeLists.txt:7 (project)


CMake Deprecation Warning at C:/Program Files/Microsoft Visual Studio/2022/Community/VC/vcpkg/scripts/buildsystems/vcpkg.cmake:878 (cmake_policy):
  Compatibility with CMake < 3.10 will be removed from a future version of
  CMake.

  Update the VERSION argument <min> value.  Or, use the <min>...<max> syntax
  to tell CMake that the project requires at least <min> but has been updated
  to work with policies introduced by <max> or earlier.
Call Stack (most recent call first):
  C:/Users/K.Lourenco/source/repos/CMake_Ninja/out/build/x86-debug/vcpkg_installed/vcpkg/blds/libogg/x86-windows-rel/CMakeFiles/3.31.2/CMakeSystem.cmake:6 (include)
  C:/Users/K.Lourenco/source/repos/CMake_Ninja/out/build/x86-debug/vcpkg_installed/vcpkg/blds/libogg/x86-windows-rel/CMakeFiles/CMakeScratch/TryCompile-agflru/CMakeLists.txt:7 (project)


-- Check size of long - done
-- Check size of long long
CMake Deprecation Warning at C:/Program Files/Microsoft Visual Studio/2022/Community/VC/vcpkg/scripts/buildsystems/vcpkg.cmake:40 (cmake_policy):
  Compatibility with CMake < 3.10 will be removed from a future version of
  CMake.

  Update the VERSION argument <min> value.  Or, use the <min>...<max> syntax
  to tell CMake that the project requires at least <min> but has been updated
  to work with policies introduced by <max> or earlier.
Call Stack (most recent call first):
  C:/Users/K.Lourenco/source/repos/CMake_Ninja/out/build/x86-debug/vcpkg_installed/vcpkg/blds/libogg/x86-windows-rel/CMakeFiles/3.31.2/CMakeSystem.cmake:6 (include)
  C:/Users/K.Lourenco/source/repos/CMake_Ninja/out/build/x86-debug/vcpkg_installed/vcpkg/blds/libogg/x86-windows-rel/CMakeFiles/CMakeScratch/TryCompile-0k5zhh/CMakeLists.txt:7 (project)


CMake Deprecation Warning at C:/Program Files/Microsoft Visual Studio/2022/Community/VC/vcpkg/scripts/buildsystems/vcpkg.cmake:878 (cmake_policy):
  Compatibility with CMake < 3.10 will be removed from a future version of
  CMake.

  Update the VERSION argument <min> value.  Or, use the <min>...<max> syntax
  to tell CMake that the project requires at least <min> but has been updated
  to work with policies introduced by <max> or earlier.
Call Stack (most recent call first):
  C:/Users/K.Lourenco/source/repos/CMake_Ninja/out/build/x86-debug/vcpkg_installed/vcpkg/blds/libogg/x86-windows-rel/CMakeFiles/3.31.2/CMakeSystem.cmake:6 (include)
  C:/Users/K.Lourenco/source/repos/CMake_Ninja/out/build/x86-debug/vcpkg_installed/vcpkg/blds/libogg/x86-windows-rel/CMakeFiles/CMakeScratch/TryCompile-0k5zhh/CMakeLists.txt:7 (project)


-- Check size of long long - done
-- Configuring done (5.6s)
-- Generating done (0.0s)
CMake Warning:
  Manually-specified variables were not used by the project:

    FETCHCONTENT_FULLY_DISCONNECTED
    _VCPKG_ROOT_DIR


-- Build files have been written to: C:/Users/K.Lourenco/source/repos/CMake_Ninja/out/build/x86-debug/vcpkg_installed/vcpkg/blds/libogg/x86-windows-rel
